<?xml version="1.0" encoding="utf-8"?><testsuites><testsuite errors="0" failures="0" hostname="mdavis-xps15" name="pytest" skipped="0" tests="1288" time="3.849" timestamp="2021-01-25T18:42:52.651251"><testcase classname="" file="tests/lib3/test_canonical.py" name="test_canonical_error_tests/data/emit-block-scalar-in-simple-key-context-bug.data" time="0.000"></testcase><testcase classname="" file="tests/lib3/test_canonical.py" name="test_canonical_error_tests/data/scan-document-end-bug.data" time="0.000"></testcase><testcase classname="" file="tests/lib3/test_canonical.py" name="test_canonical_error_tests/data/scan-line-break-bug.data" time="0.000"></testcase><testcase classname="" file="tests/lib3/test_canonical.py" name="test_canonical_error_tests/data/sloppy-indentation.data" time="0.000"></testcase><testcase classname="" file="tests/lib3/test_canonical.py" name="test_canonical_error_tests/data/spec-05-03.data" time="0.000"></testcase><testcase classname="" file="tests/lib3/test_canonical.py" name="test_canonical_error_tests/data/spec-05-04.data" time="0.000"></testcase><testcase classname="" file="tests/lib3/test_canonical.py" name="test_canonical_error_tests/data/spec-05-06.data" time="0.000"></testcase><testcase classname="" file="tests/lib3/test_canonical.py" name="test_canonical_error_tests/data/spec-05-07.data" time="0.000"></testcase><testcase classname="" file="tests/lib3/test_canonical.py" name="test_canonical_error_tests/data/spec-05-08.data" time="0.000"></testcase><testcase classname="" file="tests/lib3/test_canonical.py" name="test_canonical_error_tests/data/spec-05-09.data" time="0.000"></testcase><testcase classname="" file="tests/lib3/test_canonical.py" name="test_canonical_error_tests/data/spec-05-11.data" time="0.000"></testcase><testcase classname="" file="tests/lib3/test_canonical.py" name="test_canonical_error_tests/data/spec-05-13.data" time="0.000"></testcase><testcase classname="" file="tests/lib3/test_canonical.py" name="test_canonical_error_tests/data/spec-05-14.data" time="0.000"></testcase><testcase classname="" file="tests/lib3/test_canonical.py" name="test_canonical_error_tests/data/spec-06-01.data" time="0.000"></testcase><testcase classname="" file="tests/lib3/test_canonical.py" name="test_canonical_error_tests/data/spec-06-03.data" time="0.000"></testcase><testcase classname="" file="tests/lib3/test_canonical.py" name="test_canonical_error_tests/data/spec-06-04.data" time="0.000"></testcase><testcase classname="" file="tests/lib3/test_canonical.py" name="test_canonical_error_tests/data/spec-06-05.data" time="0.000"></testcase><testcase classname="" file="tests/lib3/test_canonical.py" name="test_canonical_error_tests/data/spec-06-06.data" time="0.001"></testcase><testcase classname="" file="tests/lib3/test_canonical.py" name="test_canonical_error_tests/data/spec-06-07.data" time="0.000"></testcase><testcase classname="" file="tests/lib3/test_canonical.py" name="test_canonical_error_tests/data/spec-06-08.data" time="0.000"></testcase><testcase classname="" file="tests/lib3/test_canonical.py" name="test_canonical_error_tests/data/spec-07-01.data" time="0.000"></testcase><testcase classname="" file="tests/lib3/test_canonical.py" name="test_canonical_error_tests/data/spec-07-02.data" time="0.000"></testcase><testcase classname="" file="tests/lib3/test_canonical.py" name="test_canonical_error_tests/data/spec-07-04.data" time="0.000"></testcase><testcase classname="" file="tests/lib3/test_canonical.py" name="test_canonical_error_tests/data/spec-07-06.data" time="0.000"></testcase><testcase classname="" file="tests/lib3/test_canonical.py" name="test_canonical_error_tests/data/spec-07-07a.data" time="0.000"></testcase><testcase classname="" file="tests/lib3/test_canonical.py" name="test_canonical_error_tests/data/spec-07-07b.data" time="0.000"></testcase><testcase classname="" file="tests/lib3/test_canonical.py" name="test_canonical_error_tests/data/spec-07-08.data" time="0.000"></testcase><testcase classname="" file="tests/lib3/test_canonical.py" name="test_canonical_error_tests/data/spec-07-09.data" time="0.000"></testcase><testcase classname="" file="tests/lib3/test_canonical.py" name="test_canonical_error_tests/data/spec-07-10.data" time="0.000"></testcase><testcase classname="" file="tests/lib3/test_canonical.py" name="test_canonical_error_tests/data/spec-07-12a.data" time="0.000"></testcase><testcase classname="" file="tests/lib3/test_canonical.py" name="test_canonical_error_tests/data/spec-07-12b.data" time="0.000"></testcase><testcase classname="" file="tests/lib3/test_canonical.py" name="test_canonical_error_tests/data/spec-07-13.data" time="0.000"></testcase><testcase classname="" file="tests/lib3/test_canonical.py" name="test_canonical_error_tests/data/spec-08-01.data" time="0.000"></testcase><testcase classname="" file="tests/lib3/test_canonical.py" name="test_canonical_error_tests/data/spec-08-02.data" time="0.000"></testcase><testcase classname="" file="tests/lib3/test_canonical.py" name="test_canonical_error_tests/data/spec-08-03.data" time="0.000"></testcase><testcase classname="" file="tests/lib3/test_canonical.py" name="test_canonical_error_tests/data/spec-08-05.data" time="0.000"></testcase><testcase classname="" file="tests/lib3/test_canonical.py" name="test_canonical_error_tests/data/spec-08-07.data" time="0.000"></testcase><testcase classname="" file="tests/lib3/test_canonical.py" name="test_canonical_error_tests/data/spec-08-08.data" time="0.000"></testcase><testcase classname="" file="tests/lib3/test_canonical.py" name="test_canonical_error_tests/data/spec-08-09.data" time="0.000"></testcase><testcase classname="" file="tests/lib3/test_canonical.py" name="test_canonical_error_tests/data/spec-08-10.data" time="0.000"></testcase><testcase classname="" file="tests/lib3/test_canonical.py" name="test_canonical_error_tests/data/spec-08-11.data" time="0.000"></testcase><testcase classname="" file="tests/lib3/test_canonical.py" name="test_canonical_error_tests/data/spec-08-12.data" time="0.000"></testcase><testcase classname="" file="tests/lib3/test_canonical.py" name="test_canonical_error_tests/data/spec-08-13.data" time="0.000"></testcase><testcase classname="" file="tests/lib3/test_canonical.py" name="test_canonical_error_tests/data/spec-08-14.data" time="0.000"></testcase><testcase classname="" file="tests/lib3/test_canonical.py" name="test_canonical_error_tests/data/spec-08-15.data" time="0.000"></testcase><testcase classname="" file="tests/lib3/test_canonical.py" name="test_canonical_error_tests/data/spec-09-01.data" time="0.000"></testcase><testcase classname="" file="tests/lib3/test_canonical.py" name="test_canonical_error_tests/data/spec-09-02.data" time="0.000"></testcase><testcase classname="" file="tests/lib3/test_canonical.py" name="test_canonical_error_tests/data/spec-09-03.data" time="0.000"></testcase><testcase classname="" file="tests/lib3/test_canonical.py" name="test_canonical_error_tests/data/spec-09-04.data" time="0.000"></testcase><testcase classname="" file="tests/lib3/test_canonical.py" name="test_canonical_error_tests/data/spec-09-05.data" time="0.000"></testcase><testcase classname="" file="tests/lib3/test_canonical.py" name="test_canonical_error_tests/data/spec-09-06.data" time="0.000"></testcase><testcase classname="" file="tests/lib3/test_canonical.py" name="test_canonical_error_tests/data/spec-09-07.data" time="0.000"></testcase><testcase classname="" file="tests/lib3/test_canonical.py" name="test_canonical_error_tests/data/spec-09-08.data" time="0.000"></testcase><testcase classname="" file="tests/lib3/test_canonical.py" name="test_canonical_error_tests/data/spec-09-09.data" time="0.000"></testcase><testcase classname="" file="tests/lib3/test_canonical.py" name="test_canonical_error_tests/data/spec-09-10.data" time="0.000"></testcase><testcase classname="" file="tests/lib3/test_canonical.py" name="test_canonical_error_tests/data/spec-09-11.data" time="0.000"></testcase><testcase classname="" file="tests/lib3/test_canonical.py" name="test_canonical_error_tests/data/spec-09-12.data" time="0.000"></testcase><testcase classname="" file="tests/lib3/test_canonical.py" name="test_canonical_error_tests/data/spec-09-13.data" time="0.000"></testcase><testcase classname="" file="tests/lib3/test_canonical.py" name="test_canonical_error_tests/data/spec-09-15.data" time="0.000"></testcase><testcase classname="" file="tests/lib3/test_canonical.py" name="test_canonical_error_tests/data/spec-09-16.data" time="0.000"></testcase><testcase classname="" file="tests/lib3/test_canonical.py" name="test_canonical_error_tests/data/spec-09-17.data" time="0.000"></testcase><testcase classname="" file="tests/lib3/test_canonical.py" name="test_canonical_error_tests/data/spec-09-18.data" time="0.000"></testcase><testcase classname="" file="tests/lib3/test_canonical.py" name="test_canonical_error_tests/data/spec-09-19.data" time="0.000"></testcase><testcase classname="" file="tests/lib3/test_canonical.py" name="test_canonical_error_tests/data/spec-09-20.data" time="0.000"></testcase><testcase classname="" file="tests/lib3/test_canonical.py" name="test_canonical_error_tests/data/spec-09-22.data" time="0.000"></testcase><testcase classname="" file="tests/lib3/test_canonical.py" name="test_canonical_error_tests/data/spec-09-23.data" time="0.000"></testcase><testcase classname="" file="tests/lib3/test_canonical.py" name="test_canonical_error_tests/data/spec-09-24.data" time="0.000"></testcase><testcase classname="" file="tests/lib3/test_canonical.py" name="test_canonical_error_tests/data/spec-09-25.data" time="0.000"></testcase><testcase classname="" file="tests/lib3/test_canonical.py" name="test_canonical_error_tests/data/spec-09-26.data" time="0.000"></testcase><testcase classname="" file="tests/lib3/test_canonical.py" name="test_canonical_error_tests/data/spec-09-27.data" time="0.000"></testcase><testcase classname="" file="tests/lib3/test_canonical.py" name="test_canonical_error_tests/data/spec-09-28.data" time="0.000"></testcase><testcase classname="" file="tests/lib3/test_canonical.py" name="test_canonical_error_tests/data/spec-09-29.data" time="0.000"></testcase><testcase classname="" file="tests/lib3/test_canonical.py" name="test_canonical_error_tests/data/spec-09-30.data" time="0.000"></testcase><testcase classname="" file="tests/lib3/test_canonical.py" name="test_canonical_error_tests/data/spec-09-31.data" time="0.000"></testcase><testcase classname="" file="tests/lib3/test_canonical.py" name="test_canonical_error_tests/data/spec-09-32.data" time="0.000"></testcase><testcase classname="" file="tests/lib3/test_canonical.py" name="test_canonical_error_tests/data/spec-09-33.data" time="0.000"></testcase><testcase classname="" file="tests/lib3/test_canonical.py" name="test_canonical_error_tests/data/spec-10-01.data" time="0.000"></testcase><testcase classname="" file="tests/lib3/test_canonical.py" name="test_canonical_error_tests/data/spec-10-02.data" time="0.000"></testcase><testcase classname="" file="tests/lib3/test_canonical.py" name="test_canonical_error_tests/data/spec-10-03.data" time="0.000"></testcase><testcase classname="" file="tests/lib3/test_canonical.py" name="test_canonical_error_tests/data/spec-10-04.data" time="0.000"></testcase><testcase classname="" file="tests/lib3/test_canonical.py" name="test_canonical_error_tests/data/spec-10-05.data" time="0.000"></testcase><testcase classname="" file="tests/lib3/test_canonical.py" name="test_canonical_error_tests/data/spec-10-06.data" time="0.000"></testcase><testcase classname="" file="tests/lib3/test_canonical.py" name="test_canonical_error_tests/data/spec-10-07.data" time="0.000"></testcase><testcase classname="" file="tests/lib3/test_canonical.py" name="test_canonical_error_tests/data/spec-10-09.data" time="0.000"></testcase><testcase classname="" file="tests/lib3/test_canonical.py" name="test_canonical_error_tests/data/spec-10-10.data" time="0.000"></testcase><testcase classname="" file="tests/lib3/test_canonical.py" name="test_canonical_error_tests/data/spec-10-11.data" time="0.000"></testcase><testcase classname="" file="tests/lib3/test_canonical.py" name="test_canonical_error_tests/data/spec-10-12.data" time="0.000"></testcase><testcase classname="" file="tests/lib3/test_canonical.py" name="test_canonical_error_tests/data/spec-10-13.data" time="0.000"></testcase><testcase classname="" file="tests/lib3/test_canonical.py" name="test_canonical_error_tests/data/spec-10-14.data" time="0.000"></testcase><testcase classname="" file="tests/lib3/test_canonical.py" name="test_canonical_error_tests/data/spec-10-15.data" time="0.000"></testcase><testcase classname="" file="tests/lib3/test_canonical.py" name="test_canonical_parser_tests/data/emit-block-scalar-in-simple-key-context-bug.canonical" time="0.000"></testcase><testcase classname="" file="tests/lib3/test_canonical.py" name="test_canonical_parser_tests/data/empty-document-bug.canonical" time="0.000"></testcase><testcase classname="" file="tests/lib3/test_canonical.py" name="test_canonical_parser_tests/data/scan-document-end-bug.canonical" time="0.000"></testcase><testcase classname="" file="tests/lib3/test_canonical.py" name="test_canonical_parser_tests/data/scan-line-break-bug.canonical" time="0.000"></testcase><testcase classname="" file="tests/lib3/test_canonical.py" name="test_canonical_parser_tests/data/sloppy-indentation.canonical" time="0.001"></testcase><testcase classname="" file="tests/lib3/test_canonical.py" name="test_canonical_parser_tests/data/spec-05-03.canonical" time="0.000"></testcase><testcase classname="" file="tests/lib3/test_canonical.py" name="test_canonical_parser_tests/data/spec-05-04.canonical" time="0.000"></testcase><testcase classname="" file="tests/lib3/test_canonical.py" name="test_canonical_parser_tests/data/spec-05-06.canonical" time="0.000"></testcase><testcase classname="" file="tests/lib3/test_canonical.py" name="test_canonical_parser_tests/data/spec-05-07.canonical" time="0.000"></testcase><testcase classname="" file="tests/lib3/test_canonical.py" name="test_canonical_parser_tests/data/spec-05-08.canonical" time="0.000"></testcase><testcase classname="" file="tests/lib3/test_canonical.py" name="test_canonical_parser_tests/data/spec-05-09.canonical" time="0.000"></testcase><testcase classname="" file="tests/lib3/test_canonical.py" name="test_canonical_parser_tests/data/spec-05-11.canonical" time="0.000"></testcase><testcase classname="" file="tests/lib3/test_canonical.py" name="test_canonical_parser_tests/data/spec-05-13.canonical" time="0.000"></testcase><testcase classname="" file="tests/lib3/test_canonical.py" name="test_canonical_parser_tests/data/spec-05-14.canonical" time="0.000"></testcase><testcase classname="" file="tests/lib3/test_canonical.py" name="test_canonical_parser_tests/data/spec-06-01.canonical" time="0.000"></testcase><testcase classname="" file="tests/lib3/test_canonical.py" name="test_canonical_parser_tests/data/spec-06-03.canonical" time="0.000"></testcase><testcase classname="" file="tests/lib3/test_canonical.py" name="test_canonical_parser_tests/data/spec-06-04.canonical" time="0.000"></testcase><testcase classname="" file="tests/lib3/test_canonical.py" name="test_canonical_parser_tests/data/spec-06-05.canonical" time="0.000"></testcase><testcase classname="" file="tests/lib3/test_canonical.py" name="test_canonical_parser_tests/data/spec-06-06.canonical" time="0.000"></testcase><testcase classname="" file="tests/lib3/test_canonical.py" name="test_canonical_parser_tests/data/spec-06-07.canonical" time="0.000"></testcase><testcase classname="" file="tests/lib3/test_canonical.py" name="test_canonical_parser_tests/data/spec-06-08.canonical" time="0.000"></testcase><testcase classname="" file="tests/lib3/test_canonical.py" name="test_canonical_parser_tests/data/spec-07-01.canonical" time="0.000"></testcase><testcase classname="" file="tests/lib3/test_canonical.py" name="test_canonical_parser_tests/data/spec-07-02.canonical" time="0.000"></testcase><testcase classname="" file="tests/lib3/test_canonical.py" name="test_canonical_parser_tests/data/spec-07-04.canonical" time="0.000"></testcase><testcase classname="" file="tests/lib3/test_canonical.py" name="test_canonical_parser_tests/data/spec-07-06.canonical" time="0.000"></testcase><testcase classname="" file="tests/lib3/test_canonical.py" name="test_canonical_parser_tests/data/spec-07-07a.canonical" time="0.000"></testcase><testcase classname="" file="tests/lib3/test_canonical.py" name="test_canonical_parser_tests/data/spec-07-07b.canonical" time="0.000"></testcase><testcase classname="" file="tests/lib3/test_canonical.py" name="test_canonical_parser_tests/data/spec-07-08.canonical" time="0.000"></testcase><testcase classname="" file="tests/lib3/test_canonical.py" name="test_canonical_parser_tests/data/spec-07-09.canonical" time="0.000"></testcase><testcase classname="" file="tests/lib3/test_canonical.py" name="test_canonical_parser_tests/data/spec-07-10.canonical" time="0.000"></testcase><testcase classname="" file="tests/lib3/test_canonical.py" name="test_canonical_parser_tests/data/spec-07-12a.canonical" time="0.000"></testcase><testcase classname="" file="tests/lib3/test_canonical.py" name="test_canonical_parser_tests/data/spec-07-12b.canonical" time="0.000"></testcase><testcase classname="" file="tests/lib3/test_canonical.py" name="test_canonical_parser_tests/data/spec-07-13.canonical" time="0.000"></testcase><testcase classname="" file="tests/lib3/test_canonical.py" name="test_canonical_parser_tests/data/spec-08-01.canonical" time="0.000"></testcase><testcase classname="" file="tests/lib3/test_canonical.py" name="test_canonical_parser_tests/data/spec-08-02.canonical" time="0.000"></testcase><testcase classname="" file="tests/lib3/test_canonical.py" name="test_canonical_parser_tests/data/spec-08-03.canonical" time="0.000"></testcase><testcase classname="" file="tests/lib3/test_canonical.py" name="test_canonical_parser_tests/data/spec-08-05.canonical" time="0.000"></testcase><testcase classname="" file="tests/lib3/test_canonical.py" name="test_canonical_parser_tests/data/spec-08-07.canonical" time="0.000"></testcase><testcase classname="" file="tests/lib3/test_canonical.py" name="test_canonical_parser_tests/data/spec-08-08.canonical" time="0.000"></testcase><testcase classname="" file="tests/lib3/test_canonical.py" name="test_canonical_parser_tests/data/spec-08-09.canonical" time="0.001"></testcase><testcase classname="" file="tests/lib3/test_canonical.py" name="test_canonical_parser_tests/data/spec-08-10.canonical" time="0.001"></testcase><testcase classname="" file="tests/lib3/test_canonical.py" name="test_canonical_parser_tests/data/spec-08-11.canonical" time="0.000"></testcase><testcase classname="" file="tests/lib3/test_canonical.py" name="test_canonical_parser_tests/data/spec-08-12.canonical" time="0.000"></testcase><testcase classname="" file="tests/lib3/test_canonical.py" name="test_canonical_parser_tests/data/spec-08-13.canonical" time="0.000"></testcase><testcase classname="" file="tests/lib3/test_canonical.py" name="test_canonical_parser_tests/data/spec-08-14.canonical" time="0.000"></testcase><testcase classname="" file="tests/lib3/test_canonical.py" name="test_canonical_parser_tests/data/spec-08-15.canonical" time="0.000"></testcase><testcase classname="" file="tests/lib3/test_canonical.py" name="test_canonical_parser_tests/data/spec-09-01.canonical" time="0.000"></testcase><testcase classname="" file="tests/lib3/test_canonical.py" name="test_canonical_parser_tests/data/spec-09-02.canonical" time="0.000"></testcase><testcase classname="" file="tests/lib3/test_canonical.py" name="test_canonical_parser_tests/data/spec-09-03.canonical" time="0.000"></testcase><testcase classname="" file="tests/lib3/test_canonical.py" name="test_canonical_parser_tests/data/spec-09-04.canonical" time="0.000"></testcase><testcase classname="" file="tests/lib3/test_canonical.py" name="test_canonical_parser_tests/data/spec-09-05.canonical" time="0.000"></testcase><testcase classname="" file="tests/lib3/test_canonical.py" name="test_canonical_parser_tests/data/spec-09-06.canonical" time="0.000"></testcase><testcase classname="" file="tests/lib3/test_canonical.py" name="test_canonical_parser_tests/data/spec-09-07.canonical" time="0.000"></testcase><testcase classname="" file="tests/lib3/test_canonical.py" name="test_canonical_parser_tests/data/spec-09-08.canonical" time="0.000"></testcase><testcase classname="" file="tests/lib3/test_canonical.py" name="test_canonical_parser_tests/data/spec-09-09.canonical" time="0.000"></testcase><testcase classname="" file="tests/lib3/test_canonical.py" name="test_canonical_parser_tests/data/spec-09-10.canonical" time="0.000"></testcase><testcase classname="" file="tests/lib3/test_canonical.py" name="test_canonical_parser_tests/data/spec-09-11.canonical" time="0.000"></testcase><testcase classname="" file="tests/lib3/test_canonical.py" name="test_canonical_parser_tests/data/spec-09-12.canonical" time="0.000"></testcase><testcase classname="" file="tests/lib3/test_canonical.py" name="test_canonical_parser_tests/data/spec-09-13.canonical" time="0.000"></testcase><testcase classname="" file="tests/lib3/test_canonical.py" name="test_canonical_parser_tests/data/spec-09-15.canonical" time="0.000"></testcase><testcase classname="" file="tests/lib3/test_canonical.py" name="test_canonical_parser_tests/data/spec-09-16.canonical" time="0.000"></testcase><testcase classname="" file="tests/lib3/test_canonical.py" name="test_canonical_parser_tests/data/spec-09-17.canonical" time="0.000"></testcase><testcase classname="" file="tests/lib3/test_canonical.py" name="test_canonical_parser_tests/data/spec-09-18.canonical" time="0.000"></testcase><testcase classname="" file="tests/lib3/test_canonical.py" name="test_canonical_parser_tests/data/spec-09-19.canonical" time="0.000"></testcase><testcase classname="" file="tests/lib3/test_canonical.py" name="test_canonical_parser_tests/data/spec-09-20.canonical" time="0.000"></testcase><testcase classname="" file="tests/lib3/test_canonical.py" name="test_canonical_parser_tests/data/spec-09-22.canonical" time="0.000"></testcase><testcase classname="" file="tests/lib3/test_canonical.py" name="test_canonical_parser_tests/data/spec-09-23.canonical" time="0.000"></testcase><testcase classname="" file="tests/lib3/test_canonical.py" name="test_canonical_parser_tests/data/spec-09-24.canonical" time="0.000"></testcase><testcase classname="" file="tests/lib3/test_canonical.py" name="test_canonical_parser_tests/data/spec-09-25.canonical" time="0.000"></testcase><testcase classname="" file="tests/lib3/test_canonical.py" name="test_canonical_parser_tests/data/spec-09-26.canonical" time="0.000"></testcase><testcase classname="" file="tests/lib3/test_canonical.py" name="test_canonical_parser_tests/data/spec-09-27.canonical" time="0.000"></testcase><testcase classname="" file="tests/lib3/test_canonical.py" name="test_canonical_parser_tests/data/spec-09-28.canonical" time="0.000"></testcase><testcase classname="" file="tests/lib3/test_canonical.py" name="test_canonical_parser_tests/data/spec-09-29.canonical" time="0.000"></testcase><testcase classname="" file="tests/lib3/test_canonical.py" name="test_canonical_parser_tests/data/spec-09-30.canonical" time="0.000"></testcase><testcase classname="" file="tests/lib3/test_canonical.py" name="test_canonical_parser_tests/data/spec-09-31.canonical" time="0.000"></testcase><testcase classname="" file="tests/lib3/test_canonical.py" name="test_canonical_parser_tests/data/spec-09-32.canonical" time="0.000"></testcase><testcase classname="" file="tests/lib3/test_canonical.py" name="test_canonical_parser_tests/data/spec-09-33.canonical" time="0.000"></testcase><testcase classname="" file="tests/lib3/test_canonical.py" name="test_canonical_parser_tests/data/spec-10-01.canonical" time="0.000"></testcase><testcase classname="" file="tests/lib3/test_canonical.py" name="test_canonical_parser_tests/data/spec-10-02.canonical" time="0.000"></testcase><testcase classname="" file="tests/lib3/test_canonical.py" name="test_canonical_parser_tests/data/spec-10-03.canonical" time="0.000"></testcase><testcase classname="" file="tests/lib3/test_canonical.py" name="test_canonical_parser_tests/data/spec-10-04.canonical" time="0.000"></testcase><testcase classname="" file="tests/lib3/test_canonical.py" name="test_canonical_parser_tests/data/spec-10-05.canonical" time="0.000"></testcase><testcase classname="" file="tests/lib3/test_canonical.py" name="test_canonical_parser_tests/data/spec-10-06.canonical" time="0.000"></testcase><testcase classname="" file="tests/lib3/test_canonical.py" name="test_canonical_parser_tests/data/spec-10-07.canonical" time="0.000"></testcase><testcase classname="" file="tests/lib3/test_canonical.py" name="test_canonical_parser_tests/data/spec-10-09.canonical" time="0.001"></testcase><testcase classname="" file="tests/lib3/test_canonical.py" name="test_canonical_parser_tests/data/spec-10-10.canonical" time="0.000"></testcase><testcase classname="" file="tests/lib3/test_canonical.py" name="test_canonical_parser_tests/data/spec-10-11.canonical" time="0.001"></testcase><testcase classname="" file="tests/lib3/test_canonical.py" name="test_canonical_parser_tests/data/spec-10-12.canonical" time="0.000"></testcase><testcase classname="" file="tests/lib3/test_canonical.py" name="test_canonical_parser_tests/data/spec-10-13.canonical" time="0.000"></testcase><testcase classname="" file="tests/lib3/test_canonical.py" name="test_canonical_parser_tests/data/spec-10-14.canonical" time="0.000"></testcase><testcase classname="" file="tests/lib3/test_canonical.py" name="test_canonical_parser_tests/data/spec-10-15.canonical" time="0.000"></testcase><testcase classname="" file="tests/lib3/test_canonical.py" name="test_canonical_scanner_tests/data/emit-block-scalar-in-simple-key-context-bug.canonical" time="0.000"></testcase><testcase classname="" file="tests/lib3/test_canonical.py" name="test_canonical_scanner_tests/data/empty-document-bug.canonical" time="0.000"></testcase><testcase classname="" file="tests/lib3/test_canonical.py" name="test_canonical_scanner_tests/data/scan-document-end-bug.canonical" time="0.000"></testcase><testcase classname="" file="tests/lib3/test_canonical.py" name="test_canonical_scanner_tests/data/scan-line-break-bug.canonical" time="0.000"></testcase><testcase classname="" file="tests/lib3/test_canonical.py" name="test_canonical_scanner_tests/data/sloppy-indentation.canonical" time="0.000"></testcase><testcase classname="" file="tests/lib3/test_canonical.py" name="test_canonical_scanner_tests/data/spec-05-03.canonical" time="0.000"></testcase><testcase classname="" file="tests/lib3/test_canonical.py" name="test_canonical_scanner_tests/data/spec-05-04.canonical" time="0.000"></testcase><testcase classname="" file="tests/lib3/test_canonical.py" name="test_canonical_scanner_tests/data/spec-05-06.canonical" time="0.000"></testcase><testcase classname="" file="tests/lib3/test_canonical.py" name="test_canonical_scanner_tests/data/spec-05-07.canonical" time="0.000"></testcase><testcase classname="" file="tests/lib3/test_canonical.py" name="test_canonical_scanner_tests/data/spec-05-08.canonical" time="0.000"></testcase><testcase classname="" file="tests/lib3/test_canonical.py" name="test_canonical_scanner_tests/data/spec-05-09.canonical" time="0.000"></testcase><testcase classname="" file="tests/lib3/test_canonical.py" name="test_canonical_scanner_tests/data/spec-05-11.canonical" time="0.000"></testcase><testcase classname="" file="tests/lib3/test_canonical.py" name="test_canonical_scanner_tests/data/spec-05-13.canonical" time="0.000"></testcase><testcase classname="" file="tests/lib3/test_canonical.py" name="test_canonical_scanner_tests/data/spec-05-14.canonical" time="0.000"></testcase><testcase classname="" file="tests/lib3/test_canonical.py" name="test_canonical_scanner_tests/data/spec-06-01.canonical" time="0.000"></testcase><testcase classname="" file="tests/lib3/test_canonical.py" name="test_canonical_scanner_tests/data/spec-06-03.canonical" time="0.000"></testcase><testcase classname="" file="tests/lib3/test_canonical.py" name="test_canonical_scanner_tests/data/spec-06-04.canonical" time="0.000"></testcase><testcase classname="" file="tests/lib3/test_canonical.py" name="test_canonical_scanner_tests/data/spec-06-05.canonical" time="0.000"></testcase><testcase classname="" file="tests/lib3/test_canonical.py" name="test_canonical_scanner_tests/data/spec-06-06.canonical" time="0.000"></testcase><testcase classname="" file="tests/lib3/test_canonical.py" name="test_canonical_scanner_tests/data/spec-06-07.canonical" time="0.000"></testcase><testcase classname="" file="tests/lib3/test_canonical.py" name="test_canonical_scanner_tests/data/spec-06-08.canonical" time="0.000"></testcase><testcase classname="" file="tests/lib3/test_canonical.py" name="test_canonical_scanner_tests/data/spec-07-01.canonical" time="0.000"></testcase><testcase classname="" file="tests/lib3/test_canonical.py" name="test_canonical_scanner_tests/data/spec-07-02.canonical" time="0.000"></testcase><testcase classname="" file="tests/lib3/test_canonical.py" name="test_canonical_scanner_tests/data/spec-07-04.canonical" time="0.000"></testcase><testcase classname="" file="tests/lib3/test_canonical.py" name="test_canonical_scanner_tests/data/spec-07-06.canonical" time="0.000"></testcase><testcase classname="" file="tests/lib3/test_canonical.py" name="test_canonical_scanner_tests/data/spec-07-07a.canonical" time="0.000"></testcase><testcase classname="" file="tests/lib3/test_canonical.py" name="test_canonical_scanner_tests/data/spec-07-07b.canonical" time="0.000"></testcase><testcase classname="" file="tests/lib3/test_canonical.py" name="test_canonical_scanner_tests/data/spec-07-08.canonical" time="0.000"></testcase><testcase classname="" file="tests/lib3/test_canonical.py" name="test_canonical_scanner_tests/data/spec-07-09.canonical" time="0.000"></testcase><testcase classname="" file="tests/lib3/test_canonical.py" name="test_canonical_scanner_tests/data/spec-07-10.canonical" time="0.000"></testcase><testcase classname="" file="tests/lib3/test_canonical.py" name="test_canonical_scanner_tests/data/spec-07-12a.canonical" time="0.000"></testcase><testcase classname="" file="tests/lib3/test_canonical.py" name="test_canonical_scanner_tests/data/spec-07-12b.canonical" time="0.000"></testcase><testcase classname="" file="tests/lib3/test_canonical.py" name="test_canonical_scanner_tests/data/spec-07-13.canonical" time="0.000"></testcase><testcase classname="" file="tests/lib3/test_canonical.py" name="test_canonical_scanner_tests/data/spec-08-01.canonical" time="0.000"></testcase><testcase classname="" file="tests/lib3/test_canonical.py" name="test_canonical_scanner_tests/data/spec-08-02.canonical" time="0.000"></testcase><testcase classname="" file="tests/lib3/test_canonical.py" name="test_canonical_scanner_tests/data/spec-08-03.canonical" time="0.000"></testcase><testcase classname="" file="tests/lib3/test_canonical.py" name="test_canonical_scanner_tests/data/spec-08-05.canonical" time="0.000"></testcase><testcase classname="" file="tests/lib3/test_canonical.py" name="test_canonical_scanner_tests/data/spec-08-07.canonical" time="0.000"></testcase><testcase classname="" file="tests/lib3/test_canonical.py" name="test_canonical_scanner_tests/data/spec-08-08.canonical" time="0.000"></testcase><testcase classname="" file="tests/lib3/test_canonical.py" name="test_canonical_scanner_tests/data/spec-08-09.canonical" time="0.001"></testcase><testcase classname="" file="tests/lib3/test_canonical.py" name="test_canonical_scanner_tests/data/spec-08-10.canonical" time="0.001"></testcase><testcase classname="" file="tests/lib3/test_canonical.py" name="test_canonical_scanner_tests/data/spec-08-11.canonical" time="0.000"></testcase><testcase classname="" file="tests/lib3/test_canonical.py" name="test_canonical_scanner_tests/data/spec-08-12.canonical" time="0.000"></testcase><testcase classname="" file="tests/lib3/test_canonical.py" name="test_canonical_scanner_tests/data/spec-08-13.canonical" time="0.000"></testcase><testcase classname="" file="tests/lib3/test_canonical.py" name="test_canonical_scanner_tests/data/spec-08-14.canonical" time="0.000"></testcase><testcase classname="" file="tests/lib3/test_canonical.py" name="test_canonical_scanner_tests/data/spec-08-15.canonical" time="0.000"></testcase><testcase classname="" file="tests/lib3/test_canonical.py" name="test_canonical_scanner_tests/data/spec-09-01.canonical" time="0.000"></testcase><testcase classname="" file="tests/lib3/test_canonical.py" name="test_canonical_scanner_tests/data/spec-09-02.canonical" time="0.000"></testcase><testcase classname="" file="tests/lib3/test_canonical.py" name="test_canonical_scanner_tests/data/spec-09-03.canonical" time="0.000"></testcase><testcase classname="" file="tests/lib3/test_canonical.py" name="test_canonical_scanner_tests/data/spec-09-04.canonical" time="0.000"></testcase><testcase classname="" file="tests/lib3/test_canonical.py" name="test_canonical_scanner_tests/data/spec-09-05.canonical" time="0.000"></testcase><testcase classname="" file="tests/lib3/test_canonical.py" name="test_canonical_scanner_tests/data/spec-09-06.canonical" time="0.000"></testcase><testcase classname="" file="tests/lib3/test_canonical.py" name="test_canonical_scanner_tests/data/spec-09-07.canonical" time="0.000"></testcase><testcase classname="" file="tests/lib3/test_canonical.py" name="test_canonical_scanner_tests/data/spec-09-08.canonical" time="0.000"></testcase><testcase classname="" file="tests/lib3/test_canonical.py" name="test_canonical_scanner_tests/data/spec-09-09.canonical" time="0.000"></testcase><testcase classname="" file="tests/lib3/test_canonical.py" name="test_canonical_scanner_tests/data/spec-09-10.canonical" time="0.000"></testcase><testcase classname="" file="tests/lib3/test_canonical.py" name="test_canonical_scanner_tests/data/spec-09-11.canonical" time="0.000"></testcase><testcase classname="" file="tests/lib3/test_canonical.py" name="test_canonical_scanner_tests/data/spec-09-12.canonical" time="0.000"></testcase><testcase classname="" file="tests/lib3/test_canonical.py" name="test_canonical_scanner_tests/data/spec-09-13.canonical" time="0.000"></testcase><testcase classname="" file="tests/lib3/test_canonical.py" name="test_canonical_scanner_tests/data/spec-09-15.canonical" time="0.000"></testcase><testcase classname="" file="tests/lib3/test_canonical.py" name="test_canonical_scanner_tests/data/spec-09-16.canonical" time="0.000"></testcase><testcase classname="" file="tests/lib3/test_canonical.py" name="test_canonical_scanner_tests/data/spec-09-17.canonical" time="0.000"></testcase><testcase classname="" file="tests/lib3/test_canonical.py" name="test_canonical_scanner_tests/data/spec-09-18.canonical" time="0.000"></testcase><testcase classname="" file="tests/lib3/test_canonical.py" name="test_canonical_scanner_tests/data/spec-09-19.canonical" time="0.000"></testcase><testcase classname="" file="tests/lib3/test_canonical.py" name="test_canonical_scanner_tests/data/spec-09-20.canonical" time="0.000"></testcase><testcase classname="" file="tests/lib3/test_canonical.py" name="test_canonical_scanner_tests/data/spec-09-22.canonical" time="0.000"></testcase><testcase classname="" file="tests/lib3/test_canonical.py" name="test_canonical_scanner_tests/data/spec-09-23.canonical" time="0.000"></testcase><testcase classname="" file="tests/lib3/test_canonical.py" name="test_canonical_scanner_tests/data/spec-09-24.canonical" time="0.000"></testcase><testcase classname="" file="tests/lib3/test_canonical.py" name="test_canonical_scanner_tests/data/spec-09-25.canonical" time="0.000"></testcase><testcase classname="" file="tests/lib3/test_canonical.py" name="test_canonical_scanner_tests/data/spec-09-26.canonical" time="0.000"></testcase><testcase classname="" file="tests/lib3/test_canonical.py" name="test_canonical_scanner_tests/data/spec-09-27.canonical" time="0.000"></testcase><testcase classname="" file="tests/lib3/test_canonical.py" name="test_canonical_scanner_tests/data/spec-09-28.canonical" time="0.000"></testcase><testcase classname="" file="tests/lib3/test_canonical.py" name="test_canonical_scanner_tests/data/spec-09-29.canonical" time="0.000"></testcase><testcase classname="" file="tests/lib3/test_canonical.py" name="test_canonical_scanner_tests/data/spec-09-30.canonical" time="0.000"></testcase><testcase classname="" file="tests/lib3/test_canonical.py" name="test_canonical_scanner_tests/data/spec-09-31.canonical" time="0.000"></testcase><testcase classname="" file="tests/lib3/test_canonical.py" name="test_canonical_scanner_tests/data/spec-09-32.canonical" time="0.000"></testcase><testcase classname="" file="tests/lib3/test_canonical.py" name="test_canonical_scanner_tests/data/spec-09-33.canonical" time="0.000"></testcase><testcase classname="" file="tests/lib3/test_canonical.py" name="test_canonical_scanner_tests/data/spec-10-01.canonical" time="0.000"></testcase><testcase classname="" file="tests/lib3/test_canonical.py" name="test_canonical_scanner_tests/data/spec-10-02.canonical" time="0.000"></testcase><testcase classname="" file="tests/lib3/test_canonical.py" name="test_canonical_scanner_tests/data/spec-10-03.canonical" time="0.000"></testcase><testcase classname="" file="tests/lib3/test_canonical.py" name="test_canonical_scanner_tests/data/spec-10-04.canonical" time="0.000"></testcase><testcase classname="" file="tests/lib3/test_canonical.py" name="test_canonical_scanner_tests/data/spec-10-05.canonical" time="0.000"></testcase><testcase classname="" file="tests/lib3/test_canonical.py" name="test_canonical_scanner_tests/data/spec-10-06.canonical" time="0.000"></testcase><testcase classname="" file="tests/lib3/test_canonical.py" name="test_canonical_scanner_tests/data/spec-10-07.canonical" time="0.000"></testcase><testcase classname="" file="tests/lib3/test_canonical.py" name="test_canonical_scanner_tests/data/spec-10-09.canonical" time="0.000"></testcase><testcase classname="" file="tests/lib3/test_canonical.py" name="test_canonical_scanner_tests/data/spec-10-10.canonical" time="0.001"></testcase><testcase classname="" file="tests/lib3/test_canonical.py" name="test_canonical_scanner_tests/data/spec-10-11.canonical" time="0.000"></testcase><testcase classname="" file="tests/lib3/test_canonical.py" name="test_canonical_scanner_tests/data/spec-10-12.canonical" time="0.000"></testcase><testcase classname="" file="tests/lib3/test_canonical.py" name="test_canonical_scanner_tests/data/spec-10-13.canonical" time="0.000"></testcase><testcase classname="" file="tests/lib3/test_canonical.py" name="test_canonical_scanner_tests/data/spec-10-14.canonical" time="0.000"></testcase><testcase classname="" file="tests/lib3/test_canonical.py" name="test_canonical_scanner_tests/data/spec-10-15.canonical" time="0.000"></testcase><testcase classname="" file="tests/lib3/test_structure.py" name="test_composer_tests/data/emit-block-scalar-in-simple-key-context-bug.data" time="0.001"></testcase><testcase classname="" file="tests/lib3/test_structure.py" name="test_composer_tests/data/empty-document-bug.data" time="0.000"></testcase><testcase classname="" file="tests/lib3/test_structure.py" name="test_composer_tests/data/scan-document-end-bug.data" time="0.000"></testcase><testcase classname="" file="tests/lib3/test_structure.py" name="test_composer_tests/data/scan-line-break-bug.data" time="0.001"></testcase><testcase classname="" file="tests/lib3/test_structure.py" name="test_composer_tests/data/sloppy-indentation.data" time="0.002"></testcase><testcase classname="" file="tests/lib3/test_structure.py" name="test_composer_tests/data/spec-05-03.data" time="0.001"></testcase><testcase classname="" file="tests/lib3/test_structure.py" name="test_composer_tests/data/spec-05-04.data" time="0.001"></testcase><testcase classname="" file="tests/lib3/test_structure.py" name="test_composer_tests/data/spec-05-06.data" time="0.001"></testcase><testcase classname="" file="tests/lib3/test_structure.py" name="test_composer_tests/data/spec-05-07.data" time="0.001"></testcase><testcase classname="" file="tests/lib3/test_structure.py" name="test_composer_tests/data/spec-05-08.data" time="0.001"></testcase><testcase classname="" file="tests/lib3/test_structure.py" name="test_composer_tests/data/spec-05-09.data" time="0.000"></testcase><testcase classname="" file="tests/lib3/test_structure.py" name="test_composer_tests/data/spec-05-11.data" time="0.000"></testcase><testcase classname="" file="tests/lib3/test_structure.py" name="test_composer_tests/data/spec-05-13.data" time="0.000"></testcase><testcase classname="" file="tests/lib3/test_structure.py" name="test_composer_tests/data/spec-05-14.data" time="0.001"></testcase><testcase classname="" file="tests/lib3/test_structure.py" name="test_composer_tests/data/spec-06-01.data" time="0.001"></testcase><testcase classname="" file="tests/lib3/test_structure.py" name="test_composer_tests/data/spec-06-03.data" time="0.000"></testcase><testcase classname="" file="tests/lib3/test_structure.py" name="test_composer_tests/data/spec-06-04.data" time="0.001"></testcase><testcase classname="" file="tests/lib3/test_structure.py" name="test_composer_tests/data/spec-06-05.data" time="0.001"></testcase><testcase classname="" file="tests/lib3/test_structure.py" name="test_composer_tests/data/spec-06-06.data" time="0.001"></testcase><testcase classname="" file="tests/lib3/test_structure.py" name="test_composer_tests/data/spec-06-07.data" time="0.001"></testcase><testcase classname="" file="tests/lib3/test_structure.py" name="test_composer_tests/data/spec-06-08.data" time="0.001"></testcase><testcase classname="" file="tests/lib3/test_structure.py" name="test_composer_tests/data/spec-07-01.data" time="0.001"></testcase><testcase classname="" file="tests/lib3/test_structure.py" name="test_composer_tests/data/spec-07-02.data" time="0.001"></testcase><testcase classname="" file="tests/lib3/test_structure.py" name="test_composer_tests/data/spec-07-04.data" time="0.000"></testcase><testcase classname="" file="tests/lib3/test_structure.py" name="test_composer_tests/data/spec-07-06.data" time="0.001"></testcase><testcase classname="" file="tests/lib3/test_structure.py" name="test_composer_tests/data/spec-07-07a.data" time="0.000"></testcase><testcase classname="" file="tests/lib3/test_structure.py" name="test_composer_tests/data/spec-07-07b.data" time="0.000"></testcase><testcase classname="" file="tests/lib3/test_structure.py" name="test_composer_tests/data/spec-07-08.data" time="0.001"></testcase><testcase classname="" file="tests/lib3/test_structure.py" name="test_composer_tests/data/spec-07-09.data" time="0.001"></testcase><testcase classname="" file="tests/lib3/test_structure.py" name="test_composer_tests/data/spec-07-10.data" time="0.001"></testcase><testcase classname="" file="tests/lib3/test_structure.py" name="test_composer_tests/data/spec-07-12a.data" time="0.001"></testcase><testcase classname="" file="tests/lib3/test_structure.py" name="test_composer_tests/data/spec-07-12b.data" time="0.000"></testcase><testcase classname="" file="tests/lib3/test_structure.py" name="test_composer_tests/data/spec-07-13.data" time="0.001"></testcase><testcase classname="" file="tests/lib3/test_structure.py" name="test_composer_tests/data/spec-08-01.data" time="0.001"></testcase><testcase classname="" file="tests/lib3/test_structure.py" name="test_composer_tests/data/spec-08-02.data" time="0.001"></testcase><testcase classname="" file="tests/lib3/test_structure.py" name="test_composer_tests/data/spec-08-03.data" time="0.001"></testcase><testcase classname="" file="tests/lib3/test_structure.py" name="test_composer_tests/data/spec-08-05.data" time="0.001"></testcase><testcase classname="" file="tests/lib3/test_structure.py" name="test_composer_tests/data/spec-08-07.data" time="0.001"></testcase><testcase classname="" file="tests/lib3/test_structure.py" name="test_composer_tests/data/spec-08-08.data" time="0.001"></testcase><testcase classname="" file="tests/lib3/test_structure.py" name="test_composer_tests/data/spec-08-09.data" time="0.002"></testcase><testcase classname="" file="tests/lib3/test_structure.py" name="test_composer_tests/data/spec-08-10.data" time="0.001"></testcase><testcase classname="" file="tests/lib3/test_structure.py" name="test_composer_tests/data/spec-08-11.data" time="0.001"></testcase><testcase classname="" file="tests/lib3/test_structure.py" name="test_composer_tests/data/spec-08-12.data" time="0.001"></testcase><testcase classname="" file="tests/lib3/test_structure.py" name="test_composer_tests/data/spec-08-13.data" time="0.001"></testcase><testcase classname="" file="tests/lib3/test_structure.py" name="test_composer_tests/data/spec-08-14.data" time="0.001"></testcase><testcase classname="" file="tests/lib3/test_structure.py" name="test_composer_tests/data/spec-08-15.data" time="0.001"></testcase><testcase classname="" file="tests/lib3/test_structure.py" name="test_composer_tests/data/spec-09-01.data" time="0.001"></testcase><testcase classname="" file="tests/lib3/test_structure.py" name="test_composer_tests/data/spec-09-02.data" time="0.000"></testcase><testcase classname="" file="tests/lib3/test_structure.py" name="test_composer_tests/data/spec-09-03.data" time="0.001"></testcase><testcase classname="" file="tests/lib3/test_structure.py" name="test_composer_tests/data/spec-09-04.data" time="0.001"></testcase><testcase classname="" file="tests/lib3/test_structure.py" name="test_composer_tests/data/spec-09-05.data" time="0.001"></testcase><testcase classname="" file="tests/lib3/test_structure.py" name="test_composer_tests/data/spec-09-06.data" time="0.000"></testcase><testcase classname="" file="tests/lib3/test_structure.py" name="test_composer_tests/data/spec-09-07.data" time="0.001"></testcase><testcase classname="" file="tests/lib3/test_structure.py" name="test_composer_tests/data/spec-09-08.data" time="0.001"></testcase><testcase classname="" file="tests/lib3/test_structure.py" name="test_composer_tests/data/spec-09-09.data" time="0.001"></testcase><testcase classname="" file="tests/lib3/test_structure.py" name="test_composer_tests/data/spec-09-10.data" time="0.000"></testcase><testcase classname="" file="tests/lib3/test_structure.py" name="test_composer_tests/data/spec-09-11.data" time="0.001"></testcase><testcase classname="" file="tests/lib3/test_structure.py" name="test_composer_tests/data/spec-09-12.data" time="0.001"></testcase><testcase classname="" file="tests/lib3/test_structure.py" name="test_composer_tests/data/spec-09-13.data" time="0.001"></testcase><testcase classname="" file="tests/lib3/test_structure.py" name="test_composer_tests/data/spec-09-15.data" time="0.001"></testcase><testcase classname="" file="tests/lib3/test_structure.py" name="test_composer_tests/data/spec-09-16.data" time="0.000"></testcase><testcase classname="" file="tests/lib3/test_structure.py" name="test_composer_tests/data/spec-09-17.data" time="0.000"></testcase><testcase classname="" file="tests/lib3/test_structure.py" name="test_composer_tests/data/spec-09-18.data" time="0.001"></testcase><testcase classname="" file="tests/lib3/test_structure.py" name="test_composer_tests/data/spec-09-19.data" time="0.001"></testcase><testcase classname="" file="tests/lib3/test_structure.py" name="test_composer_tests/data/spec-09-20.data" time="0.001"></testcase><testcase classname="" file="tests/lib3/test_structure.py" name="test_composer_tests/data/spec-09-22.data" time="0.001"></testcase><testcase classname="" file="tests/lib3/test_structure.py" name="test_composer_tests/data/spec-09-23.data" time="0.001"></testcase><testcase classname="" file="tests/lib3/test_structure.py" name="test_composer_tests/data/spec-09-24.data" time="0.001"></testcase><testcase classname="" file="tests/lib3/test_structure.py" name="test_composer_tests/data/spec-09-25.data" time="0.000"></testcase><testcase classname="" file="tests/lib3/test_structure.py" name="test_composer_tests/data/spec-09-26.data" time="0.000"></testcase><testcase classname="" file="tests/lib3/test_structure.py" name="test_composer_tests/data/spec-09-27.data" time="0.000"></testcase><testcase classname="" file="tests/lib3/test_structure.py" name="test_composer_tests/data/spec-09-28.data" time="0.000"></testcase><testcase classname="" file="tests/lib3/test_structure.py" name="test_composer_tests/data/spec-09-29.data" time="0.000"></testcase><testcase classname="" file="tests/lib3/test_structure.py" name="test_composer_tests/data/spec-09-30.data" time="0.000"></testcase><testcase classname="" file="tests/lib3/test_structure.py" name="test_composer_tests/data/spec-09-31.data" time="0.000"></testcase><testcase classname="" file="tests/lib3/test_structure.py" name="test_composer_tests/data/spec-09-32.data" time="0.000"></testcase><testcase classname="" file="tests/lib3/test_structure.py" name="test_composer_tests/data/spec-09-33.data" time="0.000"></testcase><testcase classname="" file="tests/lib3/test_structure.py" name="test_composer_tests/data/spec-10-01.data" time="0.001"></testcase><testcase classname="" file="tests/lib3/test_structure.py" name="test_composer_tests/data/spec-10-02.data" time="0.001"></testcase><testcase classname="" file="tests/lib3/test_structure.py" name="test_composer_tests/data/spec-10-03.data" time="0.001"></testcase><testcase classname="" file="tests/lib3/test_structure.py" name="test_composer_tests/data/spec-10-04.data" time="0.001"></testcase><testcase classname="" file="tests/lib3/test_structure.py" name="test_composer_tests/data/spec-10-05.data" time="0.001"></testcase><testcase classname="" file="tests/lib3/test_structure.py" name="test_composer_tests/data/spec-10-06.data" time="0.001"></testcase><testcase classname="" file="tests/lib3/test_structure.py" name="test_composer_tests/data/spec-10-07.data" time="0.001"></testcase><testcase classname="" file="tests/lib3/test_structure.py" name="test_composer_tests/data/spec-10-09.data" time="0.001"></testcase><testcase classname="" file="tests/lib3/test_structure.py" name="test_composer_tests/data/spec-10-10.data" time="0.007"></testcase><testcase classname="" file="tests/lib3/test_structure.py" name="test_composer_tests/data/spec-10-11.data" time="0.001"></testcase><testcase classname="" file="tests/lib3/test_structure.py" name="test_composer_tests/data/spec-10-12.data" time="0.001"></testcase><testcase classname="" file="tests/lib3/test_structure.py" name="test_composer_tests/data/spec-10-13.data" time="0.001"></testcase><testcase classname="" file="tests/lib3/test_structure.py" name="test_composer_tests/data/spec-10-14.data" time="0.001"></testcase><testcase classname="" file="tests/lib3/test_structure.py" name="test_composer_tests/data/spec-10-15.data" time="0.001"></testcase><testcase classname="" file="tests/lib3/test_constructor.py" name="test_constructor_types_tests/data/construct-binary-py3.data" time="0.001"></testcase><testcase classname="" file="tests/lib3/test_constructor.py" name="test_constructor_types_tests/data/construct-bool.data" time="0.001"></testcase><testcase classname="" file="tests/lib3/test_constructor.py" name="test_constructor_types_tests/data/construct-custom.data" time="0.002"></testcase><testcase classname="" file="tests/lib3/test_constructor.py" name="test_constructor_types_tests/data/construct-float.data" time="0.001"></testcase><testcase classname="" file="tests/lib3/test_constructor.py" name="test_constructor_types_tests/data/construct-int.data" time="0.001"></testcase><testcase classname="" file="tests/lib3/test_constructor.py" name="test_constructor_types_tests/data/construct-map.data" time="0.001"></testcase><testcase classname="" file="tests/lib3/test_constructor.py" name="test_constructor_types_tests/data/construct-merge.data" time="0.003"></testcase><testcase classname="" file="tests/lib3/test_constructor.py" name="test_constructor_types_tests/data/construct-null.data" time="0.002"></testcase><testcase classname="" file="tests/lib3/test_constructor.py" name="test_constructor_types_tests/data/construct-omap.data" time="0.002"></testcase><testcase classname="" file="tests/lib3/test_constructor.py" name="test_constructor_types_tests/data/construct-pairs.data" time="0.002"></testcase><testcase classname="" file="tests/lib3/test_constructor.py" name="test_constructor_types_tests/data/construct-python-bool.data" time="0.001"></testcase><testcase classname="" file="tests/lib3/test_constructor.py" name="test_constructor_types_tests/data/construct-python-bytes-py3.data" time="0.001"></testcase><testcase classname="" file="tests/lib3/test_constructor.py" name="test_constructor_types_tests/data/construct-python-complex.data" time="0.001"></testcase><testcase classname="" file="tests/lib3/test_constructor.py" name="test_constructor_types_tests/data/construct-python-float.data" time="0.001"></testcase><testcase classname="" file="tests/lib3/test_constructor.py" name="test_constructor_types_tests/data/construct-python-int.data" time="0.001"></testcase><testcase classname="" file="tests/lib3/test_constructor.py" name="test_constructor_types_tests/data/construct-python-long-short-py3.data" time="0.001"></testcase><testcase classname="" file="tests/lib3/test_constructor.py" name="test_constructor_types_tests/data/construct-python-name-module.data" time="0.001"></testcase><testcase classname="" file="tests/lib3/test_constructor.py" name="test_constructor_types_tests/data/construct-python-none.data" time="0.001"></testcase><testcase classname="" file="tests/lib3/test_constructor.py" name="test_constructor_types_tests/data/construct-python-object.data" time="0.006"></testcase><testcase classname="" file="tests/lib3/test_constructor.py" name="test_constructor_types_tests/data/construct-python-str-ascii.data" time="0.001"></testcase><testcase classname="" file="tests/lib3/test_constructor.py" name="test_constructor_types_tests/data/construct-python-str-utf8-py3.data" time="0.001"></testcase><testcase classname="" file="tests/lib3/test_constructor.py" name="test_constructor_types_tests/data/construct-python-tuple-list-dict.data" time="0.002"></testcase><testcase classname="" file="tests/lib3/test_constructor.py" name="test_constructor_types_tests/data/construct-python-unicode-ascii-py3.data" time="0.001"></testcase><testcase classname="" file="tests/lib3/test_constructor.py" name="test_constructor_types_tests/data/construct-python-unicode-utf8-py3.data" time="0.001"></testcase><testcase classname="" file="tests/lib3/test_constructor.py" name="test_constructor_types_tests/data/construct-seq.data" time="0.002"></testcase><testcase classname="" file="tests/lib3/test_constructor.py" name="test_constructor_types_tests/data/construct-set.data" time="0.002"></testcase><testcase classname="" file="tests/lib3/test_constructor.py" name="test_constructor_types_tests/data/construct-str.data" time="0.001"></testcase><testcase classname="" file="tests/lib3/test_constructor.py" name="test_constructor_types_tests/data/construct-str-ascii.data" time="0.001"></testcase><testcase classname="" file="tests/lib3/test_constructor.py" name="test_constructor_types_tests/data/construct-str-utf8-py3.data" time="0.001"></testcase><testcase classname="" file="tests/lib3/test_constructor.py" name="test_constructor_types_tests/data/construct-timestamp.data" time="0.001"></testcase><testcase classname="" file="tests/lib3/test_constructor.py" name="test_constructor_types_tests/data/construct-value.data" time="0.001"></testcase><testcase classname="" file="tests/lib3/test_constructor.py" name="test_constructor_types_tests/data/duplicate-key.former-loader-error.data" time="0.001"></testcase><testcase classname="" file="tests/lib3/test_constructor.py" name="test_constructor_types_tests/data/duplicate-mapping-key.former-loader-error.data" time="0.001"></testcase><testcase classname="" file="tests/lib3/test_constructor.py" name="test_constructor_types_tests/data/duplicate-merge-key.former-loader-error.data" time="0.001"></testcase><testcase classname="" file="tests/lib3/test_constructor.py" name="test_constructor_types_tests/data/duplicate-value-key.former-loader-error.data" time="0.001"></testcase><testcase classname="" file="tests/lib3/test_constructor.py" name="test_constructor_types_tests/data/emitting-unacceptable-unicode-character-bug.data" time="0.001"></testcase><testcase classname="" file="tests/lib3/test_constructor.py" name="test_constructor_types_tests/data/emitting-unacceptable-unicode-character-bug-py3.data" time="0.001"></testcase><testcase classname="" file="tests/lib3/test_constructor.py" name="test_constructor_types_tests/data/float-representer-2.3-bug.data" time="0.001"></testcase><testcase classname="" file="tests/lib3/test_constructor.py" name="test_constructor_types_tests/data/invalid-single-quote-bug.data" time="0.001"></testcase><testcase classname="" file="tests/lib3/test_constructor.py" name="test_constructor_types_tests/data/more-floats.data" time="0.001"></testcase><testcase classname="" file="tests/lib3/test_constructor.py" name="test_constructor_types_tests/data/negative-float-bug.data" time="0.001"></testcase><testcase classname="" file="tests/lib3/test_constructor.py" name="test_constructor_types_tests/data/single-dot-is-not-float-bug.data" time="0.001"></testcase><testcase classname="" file="tests/lib3/test_constructor.py" name="test_constructor_types_tests/data/timestamp-bugs.data" time="0.002"></testcase><testcase classname="" file="tests/lib3/test_constructor.py" name="test_constructor_types_tests/data/utf16be.data" time="0.001"></testcase><testcase classname="" file="tests/lib3/test_constructor.py" name="test_constructor_types_tests/data/utf16le.data" time="0.001"></testcase><testcase classname="" file="tests/lib3/test_constructor.py" name="test_constructor_types_tests/data/utf8.data" time="0.001"></testcase><testcase classname="" file="tests/lib3/test_constructor.py" name="test_constructor_types_tests/data/utf8-implicit.data" time="0.001"></testcase><testcase classname="" file="tests/lib3/test_errors.py" name="test_dumper_error_tests/data/serializer-is-already-opened.dumper-error" time="0.000"></testcase><testcase classname="" file="tests/lib3/test_errors.py" name="test_dumper_error_tests/data/serializer-is-closed-1.dumper-error" time="0.000"></testcase><testcase classname="" file="tests/lib3/test_errors.py" name="test_dumper_error_tests/data/serializer-is-closed-2.dumper-error" time="0.000"></testcase><testcase classname="" file="tests/lib3/test_errors.py" name="test_dumper_error_tests/data/serializer-is-not-opened-1.dumper-error" time="0.000"></testcase><testcase classname="" file="tests/lib3/test_errors.py" name="test_dumper_error_tests/data/serializer-is-not-opened-2.dumper-error" time="0.000"></testcase><testcase classname="" file="tests/lib3/test_errors.py" name="test_dumper_error_tests/data/unknown.dumper-error" time="0.000"></testcase><testcase classname="" file="tests/lib3/test_errors.py" name="test_emitter_error_tests/data/empty-anchor.emitter-error" time="0.001"></testcase><testcase classname="" file="tests/lib3/test_errors.py" name="test_emitter_error_tests/data/empty-tag.emitter-error" time="0.001"></testcase><testcase classname="" file="tests/lib3/test_errors.py" name="test_emitter_error_tests/data/empty-tag-handle.emitter-error" time="0.001"></testcase><testcase classname="" file="tests/lib3/test_errors.py" name="test_emitter_error_tests/data/empty-tag-prefix.emitter-error" time="0.001"></testcase><testcase classname="" file="tests/lib3/test_errors.py" name="test_emitter_error_tests/data/expected-document-end.emitter-error" time="0.001"></testcase><testcase classname="" file="tests/lib3/test_errors.py" name="test_emitter_error_tests/data/expected-document-start.emitter-error" time="0.001"></testcase><testcase classname="" file="tests/lib3/test_errors.py" name="test_emitter_error_tests/data/expected-node-1.emitter-error" time="0.001"></testcase><testcase classname="" file="tests/lib3/test_errors.py" name="test_emitter_error_tests/data/expected-node-2.emitter-error" time="0.001"></testcase><testcase classname="" file="tests/lib3/test_errors.py" name="test_emitter_error_tests/data/expected-nothing.emitter-error" time="0.001"></testcase><testcase classname="" file="tests/lib3/test_errors.py" name="test_emitter_error_tests/data/expected-stream-start.emitter-error" time="0.000"></testcase><testcase classname="" file="tests/lib3/test_errors.py" name="test_emitter_error_tests/data/invalid-anchor.emitter-error" time="0.001"></testcase><testcase classname="" file="tests/lib3/test_errors.py" name="test_emitter_error_tests/data/invalid-tag-handle-1.emitter-error" time="0.001"></testcase><testcase classname="" file="tests/lib3/test_errors.py" name="test_emitter_error_tests/data/invalid-tag-handle-2.emitter-error" time="0.001"></testcase><testcase classname="" file="tests/lib3/test_errors.py" name="test_emitter_error_tests/data/no-alias-anchor.emitter-error" time="0.001"></testcase><testcase classname="" file="tests/lib3/test_errors.py" name="test_emitter_error_tests/data/no-tag.emitter-error" time="0.001"></testcase><testcase classname="" file="tests/lib3/test_errors.py" name="test_emitter_error_tests/data/unsupported-version.emitter-error" time="0.001"></testcase><testcase classname="" file="tests/lib3/test_emitter.py" name="test_emitter_on_canonical_tests/data/emit-block-scalar-in-simple-key-context-bug.canonical" time="0.001"></testcase><testcase classname="" file="tests/lib3/test_emitter.py" name="test_emitter_on_canonical_tests/data/empty-document-bug.canonical" time="0.000"></testcase><testcase classname="" file="tests/lib3/test_emitter.py" name="test_emitter_on_canonical_tests/data/scan-document-end-bug.canonical" time="0.001"></testcase><testcase classname="" file="tests/lib3/test_emitter.py" name="test_emitter_on_canonical_tests/data/scan-line-break-bug.canonical" time="0.001"></testcase><testcase classname="" file="tests/lib3/test_emitter.py" name="test_emitter_on_canonical_tests/data/sloppy-indentation.canonical" time="0.005"></testcase><testcase classname="" file="tests/lib3/test_emitter.py" name="test_emitter_on_canonical_tests/data/spec-05-03.canonical" time="0.003"></testcase><testcase classname="" file="tests/lib3/test_emitter.py" name="test_emitter_on_canonical_tests/data/spec-05-04.canonical" time="0.002"></testcase><testcase classname="" file="tests/lib3/test_emitter.py" name="test_emitter_on_canonical_tests/data/spec-05-06.canonical" time="0.001"></testcase><testcase classname="" file="tests/lib3/test_emitter.py" name="test_emitter_on_canonical_tests/data/spec-05-07.canonical" time="0.001"></testcase><testcase classname="" file="tests/lib3/test_emitter.py" name="test_emitter_on_canonical_tests/data/spec-05-08.canonical" time="0.001"></testcase><testcase classname="" file="tests/lib3/test_emitter.py" name="test_emitter_on_canonical_tests/data/spec-05-09.canonical" time="0.001"></testcase><testcase classname="" file="tests/lib3/test_emitter.py" name="test_emitter_on_canonical_tests/data/spec-05-11.canonical" time="0.001"></testcase><testcase classname="" file="tests/lib3/test_emitter.py" name="test_emitter_on_canonical_tests/data/spec-05-13.canonical" time="0.001"></testcase><testcase classname="" file="tests/lib3/test_emitter.py" name="test_emitter_on_canonical_tests/data/spec-05-14.canonical" time="0.001"></testcase><testcase classname="" file="tests/lib3/test_emitter.py" name="test_emitter_on_canonical_tests/data/spec-06-01.canonical" time="0.003"></testcase><testcase classname="" file="tests/lib3/test_emitter.py" name="test_emitter_on_canonical_tests/data/spec-06-03.canonical" time="0.001"></testcase><testcase classname="" file="tests/lib3/test_emitter.py" name="test_emitter_on_canonical_tests/data/spec-06-04.canonical" time="0.001"></testcase><testcase classname="" file="tests/lib3/test_emitter.py" name="test_emitter_on_canonical_tests/data/spec-06-05.canonical" time="0.002"></testcase><testcase classname="" file="tests/lib3/test_emitter.py" name="test_emitter_on_canonical_tests/data/spec-06-06.canonical" time="0.002"></testcase><testcase classname="" file="tests/lib3/test_emitter.py" name="test_emitter_on_canonical_tests/data/spec-06-07.canonical" time="0.001"></testcase><testcase classname="" file="tests/lib3/test_emitter.py" name="test_emitter_on_canonical_tests/data/spec-06-08.canonical" time="0.001"></testcase><testcase classname="" file="tests/lib3/test_emitter.py" name="test_emitter_on_canonical_tests/data/spec-07-01.canonical" time="0.001"></testcase><testcase classname="" file="tests/lib3/test_emitter.py" name="test_emitter_on_canonical_tests/data/spec-07-02.canonical" time="0.001"></testcase><testcase classname="" file="tests/lib3/test_emitter.py" name="test_emitter_on_canonical_tests/data/spec-07-04.canonical" time="0.001"></testcase><testcase classname="" file="tests/lib3/test_emitter.py" name="test_emitter_on_canonical_tests/data/spec-07-06.canonical" time="0.001"></testcase><testcase classname="" file="tests/lib3/test_emitter.py" name="test_emitter_on_canonical_tests/data/spec-07-07a.canonical" time="0.001"></testcase><testcase classname="" file="tests/lib3/test_emitter.py" name="test_emitter_on_canonical_tests/data/spec-07-07b.canonical" time="0.001"></testcase><testcase classname="" file="tests/lib3/test_emitter.py" name="test_emitter_on_canonical_tests/data/spec-07-08.canonical" time="0.001"></testcase><testcase classname="" file="tests/lib3/test_emitter.py" name="test_emitter_on_canonical_tests/data/spec-07-09.canonical" time="0.001"></testcase><testcase classname="" file="tests/lib3/test_emitter.py" name="test_emitter_on_canonical_tests/data/spec-07-10.canonical" time="0.002"></testcase><testcase classname="" file="tests/lib3/test_emitter.py" name="test_emitter_on_canonical_tests/data/spec-07-12a.canonical" time="0.001"></testcase><testcase classname="" file="tests/lib3/test_emitter.py" name="test_emitter_on_canonical_tests/data/spec-07-12b.canonical" time="0.001"></testcase><testcase classname="" file="tests/lib3/test_emitter.py" name="test_emitter_on_canonical_tests/data/spec-07-13.canonical" time="0.001"></testcase><testcase classname="" file="tests/lib3/test_emitter.py" name="test_emitter_on_canonical_tests/data/spec-08-01.canonical" time="0.001"></testcase><testcase classname="" file="tests/lib3/test_emitter.py" name="test_emitter_on_canonical_tests/data/spec-08-02.canonical" time="0.001"></testcase><testcase classname="" file="tests/lib3/test_emitter.py" name="test_emitter_on_canonical_tests/data/spec-08-03.canonical" time="0.001"></testcase><testcase classname="" file="tests/lib3/test_emitter.py" name="test_emitter_on_canonical_tests/data/spec-08-05.canonical" time="0.001"></testcase><testcase classname="" file="tests/lib3/test_emitter.py" name="test_emitter_on_canonical_tests/data/spec-08-07.canonical" time="0.001"></testcase><testcase classname="" file="tests/lib3/test_emitter.py" name="test_emitter_on_canonical_tests/data/spec-08-08.canonical" time="0.002"></testcase><testcase classname="" file="tests/lib3/test_emitter.py" name="test_emitter_on_canonical_tests/data/spec-08-09.canonical" time="0.006"></testcase><testcase classname="" file="tests/lib3/test_emitter.py" name="test_emitter_on_canonical_tests/data/spec-08-10.canonical" time="0.004"></testcase><testcase classname="" file="tests/lib3/test_emitter.py" name="test_emitter_on_canonical_tests/data/spec-08-11.canonical" time="0.001"></testcase><testcase classname="" file="tests/lib3/test_emitter.py" name="test_emitter_on_canonical_tests/data/spec-08-12.canonical" time="0.002"></testcase><testcase classname="" file="tests/lib3/test_emitter.py" name="test_emitter_on_canonical_tests/data/spec-08-13.canonical" time="0.001"></testcase><testcase classname="" file="tests/lib3/test_emitter.py" name="test_emitter_on_canonical_tests/data/spec-08-14.canonical" time="0.002"></testcase><testcase classname="" file="tests/lib3/test_emitter.py" name="test_emitter_on_canonical_tests/data/spec-08-15.canonical" time="0.002"></testcase><testcase classname="" file="tests/lib3/test_emitter.py" name="test_emitter_on_canonical_tests/data/spec-09-01.canonical" time="0.002"></testcase><testcase classname="" file="tests/lib3/test_emitter.py" name="test_emitter_on_canonical_tests/data/spec-09-02.canonical" time="0.001"></testcase><testcase classname="" file="tests/lib3/test_emitter.py" name="test_emitter_on_canonical_tests/data/spec-09-03.canonical" time="0.001"></testcase><testcase classname="" file="tests/lib3/test_emitter.py" name="test_emitter_on_canonical_tests/data/spec-09-04.canonical" time="0.001"></testcase><testcase classname="" file="tests/lib3/test_emitter.py" name="test_emitter_on_canonical_tests/data/spec-09-05.canonical" time="0.001"></testcase><testcase classname="" file="tests/lib3/test_emitter.py" name="test_emitter_on_canonical_tests/data/spec-09-06.canonical" time="0.001"></testcase><testcase classname="" file="tests/lib3/test_emitter.py" name="test_emitter_on_canonical_tests/data/spec-09-07.canonical" time="0.002"></testcase><testcase classname="" file="tests/lib3/test_emitter.py" name="test_emitter_on_canonical_tests/data/spec-09-08.canonical" time="0.001"></testcase><testcase classname="" file="tests/lib3/test_emitter.py" name="test_emitter_on_canonical_tests/data/spec-09-09.canonical" time="0.002"></testcase><testcase classname="" file="tests/lib3/test_emitter.py" name="test_emitter_on_canonical_tests/data/spec-09-10.canonical" time="0.001"></testcase><testcase classname="" file="tests/lib3/test_emitter.py" name="test_emitter_on_canonical_tests/data/spec-09-11.canonical" time="0.001"></testcase><testcase classname="" file="tests/lib3/test_emitter.py" name="test_emitter_on_canonical_tests/data/spec-09-12.canonical" time="0.002"></testcase><testcase classname="" file="tests/lib3/test_emitter.py" name="test_emitter_on_canonical_tests/data/spec-09-13.canonical" time="0.002"></testcase><testcase classname="" file="tests/lib3/test_emitter.py" name="test_emitter_on_canonical_tests/data/spec-09-15.canonical" time="0.003"></testcase><testcase classname="" file="tests/lib3/test_emitter.py" name="test_emitter_on_canonical_tests/data/spec-09-16.canonical" time="0.001"></testcase><testcase classname="" file="tests/lib3/test_emitter.py" name="test_emitter_on_canonical_tests/data/spec-09-17.canonical" time="0.001"></testcase><testcase classname="" file="tests/lib3/test_emitter.py" name="test_emitter_on_canonical_tests/data/spec-09-18.canonical" time="0.001"></testcase><testcase classname="" file="tests/lib3/test_emitter.py" name="test_emitter_on_canonical_tests/data/spec-09-19.canonical" time="0.001"></testcase><testcase classname="" file="tests/lib3/test_emitter.py" name="test_emitter_on_canonical_tests/data/spec-09-20.canonical" time="0.002"></testcase><testcase classname="" file="tests/lib3/test_emitter.py" name="test_emitter_on_canonical_tests/data/spec-09-22.canonical" time="0.002"></testcase><testcase classname="" file="tests/lib3/test_emitter.py" name="test_emitter_on_canonical_tests/data/spec-09-23.canonical" time="0.002"></testcase><testcase classname="" file="tests/lib3/test_emitter.py" name="test_emitter_on_canonical_tests/data/spec-09-24.canonical" time="0.002"></testcase><testcase classname="" file="tests/lib3/test_emitter.py" name="test_emitter_on_canonical_tests/data/spec-09-25.canonical" time="0.001"></testcase><testcase classname="" file="tests/lib3/test_emitter.py" name="test_emitter_on_canonical_tests/data/spec-09-26.canonical" time="0.001"></testcase><testcase classname="" file="tests/lib3/test_emitter.py" name="test_emitter_on_canonical_tests/data/spec-09-27.canonical" time="0.001"></testcase><testcase classname="" file="tests/lib3/test_emitter.py" name="test_emitter_on_canonical_tests/data/spec-09-28.canonical" time="0.001"></testcase><testcase classname="" file="tests/lib3/test_emitter.py" name="test_emitter_on_canonical_tests/data/spec-09-29.canonical" time="0.001"></testcase><testcase classname="" file="tests/lib3/test_emitter.py" name="test_emitter_on_canonical_tests/data/spec-09-30.canonical" time="0.001"></testcase><testcase classname="" file="tests/lib3/test_emitter.py" name="test_emitter_on_canonical_tests/data/spec-09-31.canonical" time="0.001"></testcase><testcase classname="" file="tests/lib3/test_emitter.py" name="test_emitter_on_canonical_tests/data/spec-09-32.canonical" time="0.001"></testcase><testcase classname="" file="tests/lib3/test_emitter.py" name="test_emitter_on_canonical_tests/data/spec-09-33.canonical" time="0.001"></testcase><testcase classname="" file="tests/lib3/test_emitter.py" name="test_emitter_on_canonical_tests/data/spec-10-01.canonical" time="0.002"></testcase><testcase classname="" file="tests/lib3/test_emitter.py" name="test_emitter_on_canonical_tests/data/spec-10-02.canonical" time="0.002"></testcase><testcase classname="" file="tests/lib3/test_emitter.py" name="test_emitter_on_canonical_tests/data/spec-10-03.canonical" time="0.002"></testcase><testcase classname="" file="tests/lib3/test_emitter.py" name="test_emitter_on_canonical_tests/data/spec-10-04.canonical" time="0.002"></testcase><testcase classname="" file="tests/lib3/test_emitter.py" name="test_emitter_on_canonical_tests/data/spec-10-05.canonical" time="0.002"></testcase><testcase classname="" file="tests/lib3/test_emitter.py" name="test_emitter_on_canonical_tests/data/spec-10-06.canonical" time="0.002"></testcase><testcase classname="" file="tests/lib3/test_emitter.py" name="test_emitter_on_canonical_tests/data/spec-10-07.canonical" time="0.003"></testcase><testcase classname="" file="tests/lib3/test_emitter.py" name="test_emitter_on_canonical_tests/data/spec-10-09.canonical" time="0.001"></testcase><testcase classname="" file="tests/lib3/test_emitter.py" name="test_emitter_on_canonical_tests/data/spec-10-10.canonical" time="0.003"></testcase><testcase classname="" file="tests/lib3/test_emitter.py" name="test_emitter_on_canonical_tests/data/spec-10-11.canonical" time="0.004"></testcase><testcase classname="" file="tests/lib3/test_emitter.py" name="test_emitter_on_canonical_tests/data/spec-10-12.canonical" time="0.001"></testcase><testcase classname="" file="tests/lib3/test_emitter.py" name="test_emitter_on_canonical_tests/data/spec-10-13.canonical" time="0.002"></testcase><testcase classname="" file="tests/lib3/test_emitter.py" name="test_emitter_on_canonical_tests/data/spec-10-14.canonical" time="0.002"></testcase><testcase classname="" file="tests/lib3/test_emitter.py" name="test_emitter_on_canonical_tests/data/spec-10-15.canonical" time="0.002"></testcase><testcase classname="" file="tests/lib3/test_emitter.py" name="test_emitter_on_data_tests/data/emit-block-scalar-in-simple-key-context-bug.data" time="0.001"></testcase><testcase classname="" file="tests/lib3/test_emitter.py" name="test_emitter_on_data_tests/data/empty-document-bug.data" time="0.000"></testcase><testcase classname="" file="tests/lib3/test_emitter.py" name="test_emitter_on_data_tests/data/scan-document-end-bug.data" time="0.000"></testcase><testcase classname="" file="tests/lib3/test_emitter.py" name="test_emitter_on_data_tests/data/scan-line-break-bug.data" time="0.001"></testcase><testcase classname="" file="tests/lib3/test_emitter.py" name="test_emitter_on_data_tests/data/sloppy-indentation.data" time="0.002"></testcase><testcase classname="" file="tests/lib3/test_emitter.py" name="test_emitter_on_data_tests/data/spec-05-03.data" time="0.001"></testcase><testcase classname="" file="tests/lib3/test_emitter.py" name="test_emitter_on_data_tests/data/spec-05-04.data" time="0.001"></testcase><testcase classname="" file="tests/lib3/test_emitter.py" name="test_emitter_on_data_tests/data/spec-05-06.data" time="0.001"></testcase><testcase classname="" file="tests/lib3/test_emitter.py" name="test_emitter_on_data_tests/data/spec-05-07.data" time="0.001"></testcase><testcase classname="" file="tests/lib3/test_emitter.py" name="test_emitter_on_data_tests/data/spec-05-08.data" time="0.001"></testcase><testcase classname="" file="tests/lib3/test_emitter.py" name="test_emitter_on_data_tests/data/spec-05-09.data" time="0.000"></testcase><testcase classname="" file="tests/lib3/test_emitter.py" name="test_emitter_on_data_tests/data/spec-05-11.data" time="0.001"></testcase><testcase classname="" file="tests/lib3/test_emitter.py" name="test_emitter_on_data_tests/data/spec-05-13.data" time="0.001"></testcase><testcase classname="" file="tests/lib3/test_emitter.py" name="test_emitter_on_data_tests/data/spec-05-14.data" time="0.001"></testcase><testcase classname="" file="tests/lib3/test_emitter.py" name="test_emitter_on_data_tests/data/spec-06-01.data" time="0.002"></testcase><testcase classname="" file="tests/lib3/test_emitter.py" name="test_emitter_on_data_tests/data/spec-06-03.data" time="0.001"></testcase><testcase classname="" file="tests/lib3/test_emitter.py" name="test_emitter_on_data_tests/data/spec-06-04.data" time="0.001"></testcase><testcase classname="" file="tests/lib3/test_emitter.py" name="test_emitter_on_data_tests/data/spec-06-05.data" time="0.001"></testcase><testcase classname="" file="tests/lib3/test_emitter.py" name="test_emitter_on_data_tests/data/spec-06-06.data" time="0.001"></testcase><testcase classname="" file="tests/lib3/test_emitter.py" name="test_emitter_on_data_tests/data/spec-06-07.data" time="0.001"></testcase><testcase classname="" file="tests/lib3/test_emitter.py" name="test_emitter_on_data_tests/data/spec-06-08.data" time="0.001"></testcase><testcase classname="" file="tests/lib3/test_emitter.py" name="test_emitter_on_data_tests/data/spec-07-01.data" time="0.001"></testcase><testcase classname="" file="tests/lib3/test_emitter.py" name="test_emitter_on_data_tests/data/spec-07-02.data" time="0.001"></testcase><testcase classname="" file="tests/lib3/test_emitter.py" name="test_emitter_on_data_tests/data/spec-07-04.data" time="0.001"></testcase><testcase classname="" file="tests/lib3/test_emitter.py" name="test_emitter_on_data_tests/data/spec-07-06.data" time="0.001"></testcase><testcase classname="" file="tests/lib3/test_emitter.py" name="test_emitter_on_data_tests/data/spec-07-07a.data" time="0.000"></testcase><testcase classname="" file="tests/lib3/test_emitter.py" name="test_emitter_on_data_tests/data/spec-07-07b.data" time="0.001"></testcase><testcase classname="" file="tests/lib3/test_emitter.py" name="test_emitter_on_data_tests/data/spec-07-08.data" time="0.001"></testcase><testcase classname="" file="tests/lib3/test_emitter.py" name="test_emitter_on_data_tests/data/spec-07-09.data" time="0.001"></testcase><testcase classname="" file="tests/lib3/test_emitter.py" name="test_emitter_on_data_tests/data/spec-07-10.data" time="0.001"></testcase><testcase classname="" file="tests/lib3/test_emitter.py" name="test_emitter_on_data_tests/data/spec-07-12a.data" time="0.001"></testcase><testcase classname="" file="tests/lib3/test_emitter.py" name="test_emitter_on_data_tests/data/spec-07-12b.data" time="0.001"></testcase><testcase classname="" file="tests/lib3/test_emitter.py" name="test_emitter_on_data_tests/data/spec-07-13.data" time="0.001"></testcase><testcase classname="" file="tests/lib3/test_emitter.py" name="test_emitter_on_data_tests/data/spec-08-01.data" time="0.001"></testcase><testcase classname="" file="tests/lib3/test_emitter.py" name="test_emitter_on_data_tests/data/spec-08-02.data" time="0.001"></testcase><testcase classname="" file="tests/lib3/test_emitter.py" name="test_emitter_on_data_tests/data/spec-08-03.data" time="0.001"></testcase><testcase classname="" file="tests/lib
[...]
="0.001"></testcase><testcase classname="" file="tests/lib3/test_tokens.py" name="test_scanner_tests/data/spec-05-09.data" time="0.000"></testcase><testcase classname="" file="tests/lib3/test_tokens.py" name="test_scanner_tests/data/spec-05-11.data" time="0.001"></testcase><testcase classname="" file="tests/lib3/test_tokens.py" name="test_scanner_tests/data/spec-05-13.data" time="0.000"></testcase><testcase classname="" file="tests/lib3/test_tokens.py" name="test_scanner_tests/data/spec-05-14.data" time="0.001"></testcase><testcase classname="" file="tests/lib3/test_tokens.py" name="test_scanner_tests/data/spec-06-01.data" time="0.001"></testcase><testcase classname="" file="tests/lib3/test_tokens.py" name="test_scanner_tests/data/spec-06-03.data" time="0.001"></testcase><testcase classname="" file="tests/lib3/test_tokens.py" name="test_scanner_tests/data/spec-06-04.data" time="0.001"></testcase><testcase classname="" file="tests/lib3/test_tokens.py" name="test_scanner_tests/data/spec-06-05.data" time="0.001"></testcase><testcase classname="" file="tests/lib3/test_tokens.py" name="test_scanner_tests/data/spec-06-06.data" time="0.001"></testcase><testcase classname="" file="tests/lib3/test_tokens.py" name="test_scanner_tests/data/spec-06-07.data" time="0.001"></testcase><testcase classname="" file="tests/lib3/test_tokens.py" name="test_scanner_tests/data/spec-06-08.data" time="0.000"></testcase><testcase classname="" file="tests/lib3/test_tokens.py" name="test_scanner_tests/data/spec-07-01.data" time="0.000"></testcase><testcase classname="" file="tests/lib3/test_tokens.py" name="test_scanner_tests/data/spec-07-02.data" time="0.001"></testcase><testcase classname="" file="tests/lib3/test_tokens.py" name="test_scanner_tests/data/spec-07-04.data" time="0.000"></testcase><testcase classname="" file="tests/lib3/test_tokens.py" name="test_scanner_tests/data/spec-07-06.data" time="0.001"></testcase><testcase classname="" file="tests/lib3/test_tokens.py" name="test_scanner_tests/data/spec-07-07a.data" time="0.000"></testcase><testcase classname="" file="tests/lib3/test_tokens.py" name="test_scanner_tests/data/spec-07-07b.data" time="0.000"></testcase><testcase classname="" file="tests/lib3/test_tokens.py" name="test_scanner_tests/data/spec-07-08.data" time="0.001"></testcase><testcase classname="" file="tests/lib3/test_tokens.py" name="test_scanner_tests/data/spec-07-09.data" time="0.001"></testcase><testcase classname="" file="tests/lib3/test_tokens.py" name="test_scanner_tests/data/spec-07-10.data" time="0.001"></testcase><testcase classname="" file="tests/lib3/test_tokens.py" name="test_scanner_tests/data/spec-07-12a.data" time="0.001"></testcase><testcase classname="" file="tests/lib3/test_tokens.py" name="test_scanner_tests/data/spec-07-12b.data" time="0.000"></testcase><testcase classname="" file="tests/lib3/test_tokens.py" name="test_scanner_tests/data/spec-07-13.data" time="0.001"></testcase><testcase classname="" file="tests/lib3/test_tokens.py" name="test_scanner_tests/data/spec-08-01.data" time="0.001"></testcase><testcase classname="" file="tests/lib3/test_tokens.py" name="test_scanner_tests/data/spec-08-02.data" time="0.001"></testcase><testcase classname="" file="tests/lib3/test_tokens.py" name="test_scanner_tests/data/spec-08-03.data" time="0.001"></testcase><testcase classname="" file="tests/lib3/test_tokens.py" name="test_scanner_tests/data/spec-08-05.data" time="0.001"></testcase><testcase classname="" file="tests/lib3/test_tokens.py" name="test_scanner_tests/data/spec-08-07.data" time="0.001"></testcase><testcase classname="" file="tests/lib3/test_tokens.py" name="test_scanner_tests/data/spec-08-08.data" time="0.001"></testcase><testcase classname="" file="tests/lib3/test_tokens.py" name="test_scanner_tests/data/spec-08-09.data" time="0.002"></testcase><testcase classname="" file="tests/lib3/test_tokens.py" name="test_scanner_tests/data/spec-08-10.data" time="0.002"></testcase><testcase classname="" file="tests/lib3/test_tokens.py" name="test_scanner_tests/data/spec-08-11.data" time="0.001"></testcase><testcase classname="" file="tests/lib3/test_tokens.py" name="test_scanner_tests/data/spec-08-12.data" time="0.001"></testcase><testcase classname="" file="tests/lib3/test_tokens.py" name="test_scanner_tests/data/spec-08-13.data" time="0.001"></testcase><testcase classname="" file="tests/lib3/test_tokens.py" name="test_scanner_tests/data/spec-08-14.data" time="0.001"></testcase><testcase classname="" file="tests/lib3/test_tokens.py" name="test_scanner_tests/data/spec-08-15.data" time="0.001"></testcase><testcase classname="" file="tests/lib3/test_tokens.py" name="test_scanner_tests/data/spec-09-01.data" time="0.001"></testcase><testcase classname="" file="tests/lib3/test_tokens.py" name="test_scanner_tests/data/spec-09-02.data" time="0.001"></testcase><testcase classname="" file="tests/lib3/test_tokens.py" name="test_scanner_tests/data/spec-09-03.data" time="0.001"></testcase><testcase classname="" file="tests/lib3/test_tokens.py" name="test_scanner_tests/data/spec-09-04.data" time="0.000"></testcase><testcase classname="" file="tests/lib3/test_tokens.py" name="test_scanner_tests/data/spec-09-05.data" time="0.001"></testcase><testcase classname="" file="tests/lib3/test_tokens.py" name="test_scanner_tests/data/spec-09-06.data" time="0.000"></testcase><testcase classname="" file="tests/lib3/test_tokens.py" name="test_scanner_tests/data/spec-09-07.data" time="0.001"></testcase><testcase classname="" file="tests/lib3/test_tokens.py" name="test_scanner_tests/data/spec-09-08.data" time="0.000"></testcase><testcase classname="" file="tests/lib3/test_tokens.py" name="test_scanner_tests/data/spec-09-09.data" time="0.001"></testcase><testcase classname="" file="tests/lib3/test_tokens.py" name="test_scanner_tests/data/spec-09-10.data" time="0.000"></testcase><testcase classname="" file="tests/lib3/test_tokens.py" name="test_scanner_tests/data/spec-09-11.data" time="0.001"></testcase><testcase classname="" file="tests/lib3/test_tokens.py" name="test_scanner_tests/data/spec-09-12.data" time="0.001"></testcase><testcase classname="" file="tests/lib3/test_tokens.py" name="test_scanner_tests/data/spec-09-13.data" time="0.001"></testcase><testcase classname="" file="tests/lib3/test_tokens.py" name="test_scanner_tests/data/spec-09-15.data" time="0.001"></testcase><testcase classname="" file="tests/lib3/test_tokens.py" name="test_scanner_tests/data/spec-09-16.data" time="0.001"></testcase><testcase classname="" file="tests/lib3/test_tokens.py" name="test_scanner_tests/data/spec-09-17.data" time="0.000"></testcase><testcase classname="" file="tests/lib3/test_tokens.py" name="test_scanner_tests/data/spec-09-18.data" time="0.001"></testcase><testcase classname="" file="tests/lib3/test_tokens.py" name="test_scanner_tests/data/spec-09-19.data" time="0.001"></testcase><testcase classname="" file="tests/lib3/test_tokens.py" name="test_scanner_tests/data/spec-09-20.data" time="0.001"></testcase><testcase classname="" file="tests/lib3/test_tokens.py" name="test_scanner_tests/data/spec-09-22.data" time="0.001"></testcase><testcase classname="" file="tests/lib3/test_tokens.py" name="test_scanner_tests/data/spec-09-23.data" time="0.001"></testcase><testcase classname="" file="tests/lib3/test_tokens.py" name="test_scanner_tests/data/spec-09-24.data" time="0.001"></testcase><testcase classname="" file="tests/lib3/test_tokens.py" name="test_scanner_tests/data/spec-09-25.data" time="0.001"></testcase><testcase classname="" file="tests/lib3/test_tokens.py" name="test_scanner_tests/data/spec-09-26.data" time="0.000"></testcase><testcase classname="" file="tests/lib3/test_tokens.py" name="test_scanner_tests/data/spec-09-27.data" time="0.000"></testcase><testcase classname="" file="tests/lib3/test_tokens.py" name="test_scanner_tests/data/spec-09-28.data" time="0.000"></testcase><testcase classname="" file="tests/lib3/test_tokens.py" name="test_scanner_tests/data/spec-09-29.data" time="0.000"></testcase><testcase classname="" file="tests/lib3/test_tokens.py" name="test_scanner_tests/data/spec-09-30.data" time="0.001"></testcase><testcase classname="" file="tests/lib3/test_tokens.py" name="test_scanner_tests/data/spec-09-31.data" time="0.001"></testcase><testcase classname="" file="tests/lib3/test_tokens.py" name="test_scanner_tests/data/spec-09-32.data" time="0.001"></testcase><testcase classname="" file="tests/lib3/test_tokens.py" name="test_scanner_tests/data/spec-09-33.data" time="0.001"></testcase><testcase classname="" file="tests/lib3/test_tokens.py" name="test_scanner_tests/data/spec-10-01.data" time="0.001"></testcase><testcase classname="" file="tests/lib3/test_tokens.py" name="test_scanner_tests/data/spec-10-02.data" time="0.001"></testcase><testcase classname="" file="tests/lib3/test_tokens.py" name="test_scanner_tests/data/spec-10-03.data" time="0.001"></testcase><testcase classname="" file="tests/lib3/test_tokens.py" name="test_scanner_tests/data/spec-10-04.data" time="0.001"></testcase><testcase classname="" file="tests/lib3/test_tokens.py" name="test_scanner_tests/data/spec-10-05.data" time="0.001"></testcase><testcase classname="" file="tests/lib3/test_tokens.py" name="test_scanner_tests/data/spec-10-06.data" time="0.001"></testcase><testcase classname="" file="tests/lib3/test_tokens.py" name="test_scanner_tests/data/spec-10-07.data" time="0.001"></testcase><testcase classname="" file="tests/lib3/test_tokens.py" name="test_scanner_tests/data/spec-10-09.data" time="0.001"></testcase><testcase classname="" file="tests/lib3/test_tokens.py" name="test_scanner_tests/data/spec-10-10.data" time="0.001"></testcase><testcase classname="" file="tests/lib3/test_tokens.py" name="test_scanner_tests/data/spec-10-11.data" time="0.001"></testcase><testcase classname="" file="tests/lib3/test_tokens.py" name="test_scanner_tests/data/spec-10-12.data" time="0.001"></testcase><testcase classname="" file="tests/lib3/test_tokens.py" name="test_scanner_tests/data/spec-10-13.data" time="0.001"></testcase><testcase classname="" file="tests/lib3/test_tokens.py" name="test_scanner_tests/data/spec-10-14.data" time="0.001"></testcase><testcase classname="" file="tests/lib3/test_tokens.py" name="test_scanner_tests/data/spec-10-15.data" time="0.001"></testcase><testcase classname="" file="tests/lib3/test_sort_keys.py" name="test_sort_keys_tests/data/mapping.sort" time="0.001"></testcase><testcase classname="" file="tests/lib3/test_reader.py" name="test_stream_error_tests/data/invalid-character.stream-error" time="0.000"></testcase><testcase classname="" file="tests/lib3/test_reader.py" name="test_stream_error_tests/data/invalid-utf8-byte.stream-error" time="0.000"></testcase><testcase classname="" file="tests/lib3/test_reader.py" name="test_stream_error_tests/data/odd-utf16.stream-error" time="0.000"></testcase><testcase classname="" file="tests/lib3/test_structure.py" name="test_structure_tests/data/spec-02-01.data" time="0.001"></testcase><testcase classname="" file="tests/lib3/test_structure.py" name="test_structure_tests/data/spec-02-02.data" time="0.001"></testcase><testcase classname="" file="tests/lib3/test_structure.py" name="test_structure_tests/data/spec-02-03.data" time="0.001"></testcase><testcase classname="" file="tests/lib3/test_structure.py" name="test_structure_tests/data/spec-02-04.data" time="0.001"></testcase><testcase classname="" file="tests/lib3/test_structure.py" name="test_structure_tests/data/spec-02-05.data" time="0.001"></testcase><testcase classname="" file="tests/lib3/test_structure.py" name="test_structure_tests/data/spec-02-06.data" time="0.001"></testcase><testcase classname="" file="tests/lib3/test_structure.py" name="test_structure_tests/data/spec-02-07.data" time="0.001"></testcase><testcase classname="" file="tests/lib3/test_structure.py" name="test_structure_tests/data/spec-02-08.data" time="0.001"></testcase><testcase classname="" file="tests/lib3/test_structure.py" name="test_structure_tests/data/spec-02-09.data" time="0.001"></testcase><testcase classname="" file="tests/lib3/test_structure.py" name="test_structure_tests/data/spec-02-10.data" time="0.001"></testcase><testcase classname="" file="tests/lib3/test_structure.py" name="test_structure_tests/data/spec-02-11.data" time="0.001"></testcase><testcase classname="" file="tests/lib3/test_structure.py" name="test_structure_tests/data/spec-02-12.data" time="0.001"></testcase><testcase classname="" file="tests/lib3/test_structure.py" name="test_structure_tests/data/spec-02-13.data" time="0.000"></testcase><testcase classname="" file="tests/lib3/test_structure.py" name="test_structure_tests/data/spec-02-14.data" time="0.000"></testcase><testcase classname="" file="tests/lib3/test_structure.py" name="test_structure_tests/data/spec-02-15.data" time="0.000"></testcase><testcase classname="" file="tests/lib3/test_structure.py" name="test_structure_tests/data/spec-02-16.data" time="0.001"></testcase><testcase classname="" file="tests/lib3/test_structure.py" name="test_structure_tests/data/spec-02-17.data" time="0.001"></testcase><testcase classname="" file="tests/lib3/test_structure.py" name="test_structure_tests/data/spec-02-18.data" time="0.001"></testcase><testcase classname="" file="tests/lib3/test_structure.py" name="test_structure_tests/data/spec-02-19.data" time="0.001"></testcase><testcase classname="" file="tests/lib3/test_structure.py" name="test_structure_tests/data/spec-02-20.data" time="0.001"></testcase><testcase classname="" file="tests/lib3/test_structure.py" name="test_structure_tests/data/spec-02-21.data" time="0.001"></testcase><testcase classname="" file="tests/lib3/test_structure.py" name="test_structure_tests/data/spec-02-22.data" time="0.001"></testcase><testcase classname="" file="tests/lib3/test_structure.py" name="test_structure_tests/data/spec-02-23.data" time="0.001"></testcase><testcase classname="" file="tests/lib3/test_structure.py" name="test_structure_tests/data/spec-02-24.data" time="0.001"></testcase><testcase classname="" file="tests/lib3/test_structure.py" name="test_structure_tests/data/spec-02-25.data" time="0.001"></testcase><testcase classname="" file="tests/lib3/test_structure.py" name="test_structure_tests/data/spec-02-26.data" time="0.001"></testcase><testcase classname="" file="tests/lib3/test_structure.py" name="test_structure_tests/data/spec-02-27.data" time="0.002"></testcase><testcase classname="" file="tests/lib3/test_structure.py" name="test_structure_tests/data/spec-02-28.data" time="0.002"></testcase><testcase classname="" file="tests/lib3/test_constructor.py" name="test_subclass_blacklist_types_tests/data/myfullloader.subclass_blacklist" time="0.001"></testcase><testcase classname="" file="tests/lib3/test_tokens.py" name="test_tokens_tests/data/spec-02-01.data" time="0.000"></testcase><testcase classname="" file="tests/lib3/test_tokens.py" name="test_tokens_tests/data/spec-02-02.data" time="0.001"></testcase><testcase classname="" file="tests/lib3/test_tokens.py" name="test_tokens_tests/data/spec-02-03.data" time="0.001"></testcase><testcase classname="" file="tests/lib3/test_tokens.py" name="test_tokens_tests/data/spec-02-04.data" time="0.001"></testcase><testcase classname="" file="tests/lib3/test_tokens.py" name="test_tokens_tests/data/spec-02-05.data" time="0.001"></testcase><testcase classname="" file="tests/lib3/test_tokens.py" name="test_tokens_tests/data/spec-02-06.data" time="0.001"></testcase><testcase classname="" file="tests/lib3/test_tokens.py" name="test_tokens_tests/data/spec-02-07.data" time="0.001"></testcase><testcase classname="" file="tests/lib3/test_tokens.py" name="test_tokens_tests/data/spec-02-08.data" time="0.001"></testcase><testcase classname="" file="tests/lib3/test_tokens.py" name="test_tokens_tests/data/spec-02-09.data" time="0.001"></testcase><testcase classname="" file="tests/lib3/test_tokens.py" name="test_tokens_tests/data/spec-02-10.data" time="0.001"></testcase><testcase classname="" file="tests/lib3/test_tokens.py" name="test_tokens_tests/data/spec-02-11.data" time="0.001"></testcase><testcase classname="" file="tests/lib3/test_tokens.py" name="test_tokens_tests/data/spec-02-12.data" time="0.001"></testcase><testcase classname="" file="tests/lib3/test_tokens.py" name="test_tokens_tests/data/spec-02-13.data" time="0.000"></testcase><testcase classname="" file="tests/lib3/test_tokens.py" name="test_tokens_tests/data/spec-02-14.data" time="0.000"></testcase><testcase classname="" file="tests/lib3/test_tokens.py" name="test_tokens_tests/data/spec-02-15.data" time="0.000"></testcase><testcase classname="" file="tests/lib3/test_tokens.py" name="test_tokens_tests/data/spec-02-16.data" time="0.001"></testcase><testcase classname="" file="tests/lib3/test_tokens.py" name="test_tokens_tests/data/spec-02-17.data" time="0.001"></testcase><testcase classname="" file="tests/lib3/test_tokens.py" name="test_tokens_tests/data/spec-02-18.data" time="0.001"></testcase><testcase classname="" file="tests/lib3/test_tokens.py" name="test_tokens_tests/data/spec-02-19.data" time="0.001"></testcase><testcase classname="" file="tests/lib3/test_tokens.py" name="test_tokens_tests/data/spec-02-20.data" time="0.001"></testcase><testcase classname="" file="tests/lib3/test_tokens.py" name="test_tokens_tests/data/spec-02-21.data" time="0.001"></testcase><testcase classname="" file="tests/lib3/test_tokens.py" name="test_tokens_tests/data/spec-02-22.data" time="0.001"></testcase><testcase classname="" file="tests/lib3/test_tokens.py" name="test_tokens_tests/data/spec-02-23.data" time="0.001"></testcase><testcase classname="" file="tests/lib3/test_tokens.py" name="test_tokens_tests/data/spec-02-24.data" time="0.001"></testcase><testcase classname="" file="tests/lib3/test_tokens.py" name="test_tokens_tests/data/spec-02-25.data" time="0.001"></testcase><testcase classname="" file="tests/lib3/test_tokens.py" name="test_tokens_tests/data/spec-02-26.data" time="0.001"></testcase><testcase classname="" file="tests/lib3/test_tokens.py" name="test_tokens_tests/data/spec-02-27.data" time="0.002"></testcase><testcase classname="" file="tests/lib3/test_tokens.py" name="test_tokens_tests/data/spec-02-28.data" time="0.001"></testcase><testcase classname="" file="tests/lib3/test_input_output.py" name="test_unicode_input_tests/data/emoticons.unicode" time="0.002"></testcase><testcase classname="" file="tests/lib3/test_input_output.py" name="test_unicode_input_tests/data/emoticons2.unicode" time="0.001"></testcase><testcase classname="" file="tests/lib3/test_input_output.py" name="test_unicode_input_tests/data/latin.unicode" time="0.166"></testcase><testcase classname="" file="tests/lib3/test_input_output.py" name="test_unicode_input_errors_tests/data/emoticons.unicode" time="0.000"></testcase><testcase classname="" file="tests/lib3/test_input_output.py" name="test_unicode_input_errors_tests/data/emoticons2.unicode" time="0.000"></testcase><testcase classname="" file="tests/lib3/test_input_output.py" name="test_unicode_input_errors_tests/data/latin.unicode" time="0.000"></testcase><testcase classname="" file="tests/lib3/test_input_output.py" name="test_unicode_output_tests/data/emoticons.unicode" time="0.004"></testcase><testcase classname="" file="tests/lib3/test_input_output.py" name="test_unicode_output_tests/data/emoticons2.unicode" time="0.001"></testcase><testcase classname="" file="tests/lib3/test_input_output.py" name="test_unicode_output_tests/data/latin.unicode" time="0.840"></testcase><testcase classname="" file="tests/lib3/test_input_output.py" name="test_unicode_transfer_tests/data/emoticons.unicode" time="0.002"></testcase><testcase classname="" file="tests/lib3/test_input_output.py" name="test_unicode_transfer_tests/data/emoticons2.unicode" time="0.001"></testcase><testcase classname="" file="tests/lib3/test_input_output.py" name="test_unicode_transfer_tests/data/latin.unicode" time="0.302"></testcase></testsuite></testsuites>